{"correlationId":"49317cb7-5e1e-465f-a28a-70ec4fd0b53c","level":"info","message":"Starting audio response processing","service":"audio-response-service","timestamp":"2024-08-31T16:53:26.448Z"}
{"correlationId":"49317cb7-5e1e-465f-a28a-70ec4fd0b53c","level":"info","message":"Starting audio transcription","service":"audio-response-service","timestamp":"2024-08-31T16:53:26.466Z"}
{"correlationId":"49317cb7-5e1e-465f-a28a-70ec4fd0b53c","level":"info","message":"Audio transcription completed","service":"audio-response-service","timestamp":"2024-08-31T16:53:27.578Z"}
{"correlationId":"49317cb7-5e1e-465f-a28a-70ec4fd0b53c","dbUpdateTime":626,"followUpDecisionTime":0,"level":"info","message":"Audio endpoint completed","service":"audio-response-service","timestamp":"2024-08-31T16:53:28.206Z","totalTime":1757,"transcriptionTime":1113}
{"correlationId":"a16ec50d-5ad8-4aa1-a83d-c6a53451eef0","level":"info","message":"Starting audio response processing","service":"audio-response-service","timestamp":"2024-08-31T18:11:31.981Z"}
{"correlationId":"a16ec50d-5ad8-4aa1-a83d-c6a53451eef0","level":"info","message":"Starting audio transcription","service":"audio-response-service","timestamp":"2024-08-31T18:11:31.997Z"}
{"correlationId":"a16ec50d-5ad8-4aa1-a83d-c6a53451eef0","level":"info","message":"Audio transcription completed","service":"audio-response-service","timestamp":"2024-08-31T18:11:32.734Z"}
{"correlationId":"a16ec50d-5ad8-4aa1-a83d-c6a53451eef0","level":"info","message":"Starting follow-up decision process","service":"audio-response-service","timestamp":"2024-08-31T18:11:33.609Z"}
{"correlationId":"a16ec50d-5ad8-4aa1-a83d-c6a53451eef0","level":"info","message":"Follow-up decision process completed","service":"audio-response-service","timestamp":"2024-08-31T18:11:34.421Z","totalExecutionTime":812}
{"correlationId":"a16ec50d-5ad8-4aa1-a83d-c6a53451eef0","level":"info","message":"Audio endpoint completed","service":"audio-response-service","timestamp":"2024-08-31T18:11:35.292Z","totalTime":3312}
{"correlationId":"aa43b853-8cc2-4c86-981b-01a3bdfa4d34","level":"info","message":"Starting audio response processing","service":"audio-response-service","timestamp":"2024-08-31T18:15:05.119Z"}
{"correlationId":"aa43b853-8cc2-4c86-981b-01a3bdfa4d34","level":"info","message":"Starting audio transcription","service":"audio-response-service","timestamp":"2024-08-31T18:15:05.136Z"}
{"correlationId":"aa43b853-8cc2-4c86-981b-01a3bdfa4d34","level":"info","message":"Audio transcription completed","service":"audio-response-service","timestamp":"2024-08-31T18:15:07.490Z"}
{"correlationId":"aa43b853-8cc2-4c86-981b-01a3bdfa4d34","level":"info","message":"Starting follow-up decision process","service":"audio-response-service","timestamp":"2024-08-31T18:15:08.534Z"}
{"correlationId":"aa43b853-8cc2-4c86-981b-01a3bdfa4d34","level":"info","message":"Follow-up decision process completed","service":"audio-response-service","timestamp":"2024-08-31T18:15:09.594Z","totalExecutionTime":1060}
{"correlationId":"aa43b853-8cc2-4c86-981b-01a3bdfa4d34","level":"info","message":"Audio endpoint completed","service":"audio-response-service","timestamp":"2024-08-31T18:15:10.310Z","totalTime":5192}
{"correlationId":"6b5f53a8-ca1f-422a-9460-e5f410ab0842","level":"info","message":"Starting audio response processing","service":"audio-response-service","timestamp":"2024-08-31T18:30:02.163Z"}
{"correlationId":"6b5f53a8-ca1f-422a-9460-e5f410ab0842","level":"warn","message":"Missing required fields","requestData":{"currentBaseQuestionContext":"Understand the Facebook mobile application's top \"Jobs To Be Done\" for the user","currentBaseQuestionId":"61dfc1ec-bd53-4694-89f5-35fcc526b086","currentResponseId":"","followUpLevel":"AUTOMATIC","interviewSessionId":"6ae61db5-49d7-4870-b7e2-8fedce060265","nextBaseQuestionId":"b285c806-2169-4848-8a7c-a88c343d850f","shouldFollowUp":true,"studyBackground":"We are conducting this study to better understand how users interact with our social media platform. Your participation will involve answering a few questions about your experience and habits when using our app. ","thread":[{"questionId":"61dfc1ec-bd53-4694-89f5-35fcc526b086","questionText":"What do you enjoy about facebook?"},{"questionId":"61dfc1ec-bd53-4694-89f5-35fcc526b086","responseId":"8b1a4dda-4fc2-4d47-8ea4-cbac630ffef2","responseText":""},{"questionId":"88ae186f-529d-419c-9d41-f5ae5f33c85d","questionText":"Can you describe what specific features or aspects you find fun to use on Facebook?"},{"questionId":"88ae186f-529d-419c-9d41-f5ae5f33c85d","responseId":"e6b3f4dd-1c0b-4ec4-b27c-e5b312d04e21","responseText":"i find it very fun to use"},{"questionId":"87136dca-2cfc-4dc6-9de7-d92b81e1fee7","questionText":"Can you describe what specific features or aspects you find fun to use on Facebook?"},{"questionId":"87136dca-2cfc-4dc6-9de7-d92b81e1fee7","responseId":"8b1a4dda-4fc2-4d47-8ea4-cbac630ffef2","responseText":""}]},"service":"audio-response-service","timestamp":"2024-08-31T18:30:02.173Z"}
{"correlationId":"1623082a-b220-47ab-aa33-fb57905774b2","level":"info","message":"Starting audio response processing","service":"audio-response-service","timestamp":"2024-08-31T18:30:16.187Z"}
{"correlationId":"1623082a-b220-47ab-aa33-fb57905774b2","level":"warn","message":"Missing required fields","requestData":{"currentBaseQuestionContext":"Understand the Facebook mobile application's top \"Jobs To Be Done\" for the user","currentBaseQuestionId":"61dfc1ec-bd53-4694-89f5-35fcc526b086","currentResponseId":"","followUpLevel":"AUTOMATIC","interviewSessionId":"6ae61db5-49d7-4870-b7e2-8fedce060265","nextBaseQuestionId":"b285c806-2169-4848-8a7c-a88c343d850f","shouldFollowUp":true,"studyBackground":"We are conducting this study to better understand how users interact with our social media platform. Your participation will involve answering a few questions about your experience and habits when using our app. ","thread":[{"questionId":"61dfc1ec-bd53-4694-89f5-35fcc526b086","questionText":"What do you enjoy about facebook?"},{"questionId":"61dfc1ec-bd53-4694-89f5-35fcc526b086","responseId":"8b1a4dda-4fc2-4d47-8ea4-cbac630ffef2","responseText":""},{"questionId":"88ae186f-529d-419c-9d41-f5ae5f33c85d","questionText":"Can you describe what specific features or aspects you find fun to use on Facebook?"},{"questionId":"88ae186f-529d-419c-9d41-f5ae5f33c85d","responseId":"e6b3f4dd-1c0b-4ec4-b27c-e5b312d04e21","responseText":"i find it very fun to use"},{"questionId":"87136dca-2cfc-4dc6-9de7-d92b81e1fee7","questionText":"Can you describe what specific features or aspects you find fun to use on Facebook?"},{"questionId":"87136dca-2cfc-4dc6-9de7-d92b81e1fee7","responseId":"8b1a4dda-4fc2-4d47-8ea4-cbac630ffef2","responseText":""}]},"service":"audio-response-service","timestamp":"2024-08-31T18:30:16.194Z"}
{"correlationId":"4277d863-5d1e-42f8-b2c1-d98755d266dd","level":"info","message":"Starting audio response processing","service":"audio-response-service","timestamp":"2024-08-31T18:31:55.007Z"}
{"correlationId":"4277d863-5d1e-42f8-b2c1-d98755d266dd","level":"warn","message":"Missing required fields","requestData":{"currentBaseQuestionContext":"Understand the Facebook mobile application's top \"Jobs To Be Done\" for the user","currentBaseQuestionId":"61dfc1ec-bd53-4694-89f5-35fcc526b086","currentResponseId":"","followUpLevel":"AUTOMATIC","interviewSessionId":"6ae61db5-49d7-4870-b7e2-8fedce060265","nextBaseQuestionId":"b285c806-2169-4848-8a7c-a88c343d850f","shouldFollowUp":true,"studyBackground":"We are conducting this study to better understand how users interact with our social media platform. Your participation will involve answering a few questions about your experience and habits when using our app. ","thread":[{"questionId":"61dfc1ec-bd53-4694-89f5-35fcc526b086","questionText":"What do you enjoy about facebook?"},{"questionId":"61dfc1ec-bd53-4694-89f5-35fcc526b086","responseId":"8b1a4dda-4fc2-4d47-8ea4-cbac630ffef2","responseText":""},{"questionId":"88ae186f-529d-419c-9d41-f5ae5f33c85d","questionText":"Can you describe what specific features or aspects you find fun to use on Facebook?"},{"questionId":"88ae186f-529d-419c-9d41-f5ae5f33c85d","responseId":"e6b3f4dd-1c0b-4ec4-b27c-e5b312d04e21","responseText":"i find it very fun to use"},{"questionId":"87136dca-2cfc-4dc6-9de7-d92b81e1fee7","questionText":"Can you describe what specific features or aspects you find fun to use on Facebook?"},{"questionId":"87136dca-2cfc-4dc6-9de7-d92b81e1fee7","responseId":"8b1a4dda-4fc2-4d47-8ea4-cbac630ffef2","responseText":""}]},"service":"audio-response-service","timestamp":"2024-08-31T18:31:55.022Z"}
{"correlationId":"371dfc5a-04c5-41a4-9273-0718822af50b","level":"info","message":"Starting audio response processing","service":"audio-response-service","timestamp":"2024-08-31T18:33:01.762Z"}
{"correlationId":"371dfc5a-04c5-41a4-9273-0718822af50b","level":"warn","message":"Missing required fields","requestData":{"currentBaseQuestionContext":"Understand the Facebook mobile application's top \"Jobs To Be Done\" for the user","currentBaseQuestionId":"61dfc1ec-bd53-4694-89f5-35fcc526b086","currentResponseId":"","followUpLevel":"AUTOMATIC","interviewSessionId":"08e86f78-0ff7-4515-9ad6-5affa2fd405a","nextBaseQuestionId":"b285c806-2169-4848-8a7c-a88c343d850f","shouldFollowUp":true,"studyBackground":"We are conducting this study to better understand how users interact with our social media platform. Your participation will involve answering a few questions about your experience and habits when using our app. ","thread":[{"questionId":"61dfc1ec-bd53-4694-89f5-35fcc526b086","questionText":"What do you enjoy about facebook?"}]},"service":"audio-response-service","timestamp":"2024-08-31T18:33:01.765Z"}
{"correlationId":"54292eb0-64e4-4010-88b7-187183271fa7","level":"info","message":"Starting audio response processing","service":"audio-response-service","timestamp":"2024-08-31T18:33:51.008Z"}
{"correlationId":"54292eb0-64e4-4010-88b7-187183271fa7","level":"info","message":"Starting audio transcription","service":"audio-response-service","timestamp":"2024-08-31T18:33:51.017Z"}
{"correlationId":"54292eb0-64e4-4010-88b7-187183271fa7","level":"info","message":"Audio transcription completed","service":"audio-response-service","timestamp":"2024-08-31T18:33:52.201Z"}
{"correlationId":"54292eb0-64e4-4010-88b7-187183271fa7","level":"info","message":"Starting follow-up decision process","service":"audio-response-service","timestamp":"2024-08-31T18:33:52.828Z"}
{"correlationId":"54292eb0-64e4-4010-88b7-187183271fa7","level":"info","message":"Follow-up decision process completed","service":"audio-response-service","timestamp":"2024-08-31T18:33:53.781Z","totalExecutionTime":952}
{"correlationId":"54292eb0-64e4-4010-88b7-187183271fa7","level":"info","message":"Audio endpoint completed","service":"audio-response-service","timestamp":"2024-08-31T18:33:54.636Z","totalTime":3627}
{"correlationId":"b7ecde95-fb31-43d8-9e66-6e1898f8d693","level":"info","message":"Starting audio response processing","service":"audio-response-service","timestamp":"2024-08-31T18:34:00.595Z"}
{"correlationId":"b7ecde95-fb31-43d8-9e66-6e1898f8d693","level":"info","message":"Starting audio transcription","service":"audio-response-service","timestamp":"2024-08-31T18:34:00.598Z"}
{"correlationId":"b7ecde95-fb31-43d8-9e66-6e1898f8d693","level":"info","message":"Audio transcription completed","service":"audio-response-service","timestamp":"2024-08-31T18:34:00.923Z"}
{"correlationId":"b7ecde95-fb31-43d8-9e66-6e1898f8d693","level":"info","message":"Audio endpoint completed","service":"audio-response-service","timestamp":"2024-08-31T18:34:00.927Z","totalTime":333}
{"correlationId":"692819f0-1dda-41c0-9433-de1d60e29fdf","level":"info","message":"Starting audio response processing","service":"audio-response-service","timestamp":"2024-08-31T18:34:17.026Z"}
{"correlationId":"692819f0-1dda-41c0-9433-de1d60e29fdf","level":"info","message":"Starting audio transcription","service":"audio-response-service","timestamp":"2024-08-31T18:34:17.028Z"}
{"correlationId":"692819f0-1dda-41c0-9433-de1d60e29fdf","level":"info","message":"Audio transcription completed","service":"audio-response-service","timestamp":"2024-08-31T18:34:17.876Z"}
{"correlationId":"692819f0-1dda-41c0-9433-de1d60e29fdf","level":"info","message":"Audio endpoint completed","service":"audio-response-service","timestamp":"2024-08-31T18:34:17.877Z","totalTime":851}
{"correlationId":"32dd4e9c-9a40-45de-8fa9-fad3037f04f0","level":"info","message":"Starting audio response processing","service":"audio-response-service","timestamp":"2024-08-31T18:34:51.368Z"}
{"correlationId":"32dd4e9c-9a40-45de-8fa9-fad3037f04f0","level":"info","message":"Starting audio transcription","service":"audio-response-service","timestamp":"2024-08-31T18:34:51.382Z"}
{"correlationId":"32dd4e9c-9a40-45de-8fa9-fad3037f04f0","level":"info","message":"Audio transcription completed","service":"audio-response-service","timestamp":"2024-08-31T18:34:51.983Z"}
{"correlationId":"32dd4e9c-9a40-45de-8fa9-fad3037f04f0","level":"info","message":"Audio endpoint completed","service":"audio-response-service","timestamp":"2024-08-31T18:34:51.984Z","totalTime":617}
{"correlationId":"745db26c-aba4-49ea-9a5b-b48a88315453","level":"info","message":"Starting audio response processing","service":"audio-response-service","timestamp":"2024-08-31T18:34:59.298Z"}
{"correlationId":"745db26c-aba4-49ea-9a5b-b48a88315453","level":"info","message":"Starting audio transcription","service":"audio-response-service","timestamp":"2024-08-31T18:34:59.301Z"}
{"correlationId":"745db26c-aba4-49ea-9a5b-b48a88315453","level":"info","message":"Audio transcription completed","service":"audio-response-service","timestamp":"2024-08-31T18:35:00.217Z"}
{"correlationId":"745db26c-aba4-49ea-9a5b-b48a88315453","level":"info","message":"Audio endpoint completed","service":"audio-response-service","timestamp":"2024-08-31T18:35:00.218Z","totalTime":920}
{"correlationId":"4e6e46ce-c801-49e8-9890-765143266cd0","level":"info","message":"Starting audio response processing","service":"audio-response-service","timestamp":"2024-08-31T18:35:06.332Z"}
{"correlationId":"4e6e46ce-c801-49e8-9890-765143266cd0","level":"info","message":"Starting audio transcription","service":"audio-response-service","timestamp":"2024-08-31T18:35:06.334Z"}
{"correlationId":"4e6e46ce-c801-49e8-9890-765143266cd0","level":"info","message":"Audio transcription completed","service":"audio-response-service","timestamp":"2024-08-31T18:35:07.683Z"}
{"correlationId":"4e6e46ce-c801-49e8-9890-765143266cd0","level":"info","message":"Starting follow-up decision process","service":"audio-response-service","timestamp":"2024-08-31T18:35:08.399Z"}
{"correlationId":"4e6e46ce-c801-49e8-9890-765143266cd0","level":"info","message":"Follow-up decision process completed","service":"audio-response-service","timestamp":"2024-08-31T18:35:09.357Z","totalExecutionTime":958}
{"correlationId":"4e6e46ce-c801-49e8-9890-765143266cd0","level":"info","message":"Audio endpoint completed","service":"audio-response-service","timestamp":"2024-08-31T18:35:09.996Z","totalTime":3665}
{"correlationId":"65e7b56c-61e2-4537-afe4-f3900637bea9","level":"info","message":"Starting audio response processing","service":"audio-response-service","timestamp":"2024-08-31T18:35:24.677Z"}
{"correlationId":"65e7b56c-61e2-4537-afe4-f3900637bea9","level":"info","message":"Starting audio transcription","service":"audio-response-service","timestamp":"2024-08-31T18:35:24.680Z"}
{"correlationId":"65e7b56c-61e2-4537-afe4-f3900637bea9","level":"info","message":"Audio transcription completed","service":"audio-response-service","timestamp":"2024-08-31T18:35:25.507Z"}
{"correlationId":"65e7b56c-61e2-4537-afe4-f3900637bea9","level":"info","message":"Starting follow-up decision process","service":"audio-response-service","timestamp":"2024-08-31T18:35:25.746Z"}
{"correlationId":"65e7b56c-61e2-4537-afe4-f3900637bea9","level":"info","message":"Follow-up decision process completed","service":"audio-response-service","timestamp":"2024-08-31T18:35:26.586Z","totalExecutionTime":840}
{"correlationId":"65e7b56c-61e2-4537-afe4-f3900637bea9","level":"info","message":"Audio endpoint completed","service":"audio-response-service","timestamp":"2024-08-31T18:35:27.192Z","totalTime":2514}
{"correlationId":"b1be63cf-f672-4d2d-9e5e-efd9836919da","level":"info","message":"Starting audio response processing","service":"audio-response-service","timestamp":"2024-08-31T18:44:42.518Z"}
{"correlationId":"b1be63cf-f672-4d2d-9e5e-efd9836919da","level":"info","message":"Starting audio transcription","service":"audio-response-service","timestamp":"2024-08-31T18:44:42.523Z"}
{"correlationId":"b1be63cf-f672-4d2d-9e5e-efd9836919da","level":"info","message":"Audio transcription completed","service":"audio-response-service","timestamp":"2024-08-31T18:44:43.122Z"}
{"correlationId":"b1be63cf-f672-4d2d-9e5e-efd9836919da","level":"info","message":"Audio endpoint completed","service":"audio-response-service","timestamp":"2024-08-31T18:44:43.124Z","totalTime":606}
{"correlationId":"c3b659d3-ea43-490c-a482-c86cceaa6d1a","level":"info","message":"Starting audio response processing","service":"audio-response-service","timestamp":"2024-08-31T18:44:46.773Z"}
{"correlationId":"c3b659d3-ea43-490c-a482-c86cceaa6d1a","level":"info","message":"Starting audio transcription","service":"audio-response-service","timestamp":"2024-08-31T18:44:46.774Z"}
{"correlationId":"c3b659d3-ea43-490c-a482-c86cceaa6d1a","level":"info","message":"Audio transcription completed","service":"audio-response-service","timestamp":"2024-08-31T18:44:47.050Z"}
{"correlationId":"c3b659d3-ea43-490c-a482-c86cceaa6d1a","level":"info","message":"Audio endpoint completed","service":"audio-response-service","timestamp":"2024-08-31T18:44:47.050Z","totalTime":277}
{"correlationId":"e4308066-c705-4791-a561-1e33ae7b255d","level":"info","message":"Starting audio response processing","service":"audio-response-service","timestamp":"2024-08-31T18:45:26.510Z"}
{"correlationId":"e4308066-c705-4791-a561-1e33ae7b255d","level":"warn","message":"Missing required fields","requestData":{"currentBaseQuestionContext":"Understand the Facebook mobile application's top \"Jobs To Be Done\" for the user","currentBaseQuestionId":"61dfc1ec-bd53-4694-89f5-35fcc526b086","currentResponseId":"","followUpLevel":"AUTOMATIC","interviewSessionId":"d59d36a8-cce4-4a3e-8534-3315d6b33c83","nextBaseQuestionId":"b285c806-2169-4848-8a7c-a88c343d850f","shouldFollowUp":true,"studyBackground":"We are conducting this study to better understand how users interact with our social media platform. Your participation will involve answering a few questions about your experience and habits when using our app. ","thread":[{"questionId":"61dfc1ec-bd53-4694-89f5-35fcc526b086","questionText":"What do you enjoy about facebook?"}]},"service":"audio-response-service","timestamp":"2024-08-31T18:45:26.517Z"}
{"correlationId":"59b51e71-ead3-4701-b215-fab62dfd7833","level":"info","message":"Starting audio response processing","service":"audio-response-service","timestamp":"2024-08-31T18:45:32.591Z"}
{"correlationId":"59b51e71-ead3-4701-b215-fab62dfd7833","level":"info","message":"Starting audio transcription","service":"audio-response-service","timestamp":"2024-08-31T18:45:32.592Z"}
{"correlationId":"59b51e71-ead3-4701-b215-fab62dfd7833","level":"info","message":"Audio transcription completed","service":"audio-response-service","timestamp":"2024-08-31T18:45:33.798Z"}
{"correlationId":"59b51e71-ead3-4701-b215-fab62dfd7833","level":"info","message":"Audio endpoint completed","service":"audio-response-service","timestamp":"2024-08-31T18:45:33.799Z","totalTime":1208}
{"correlationId":"d71f5f01-14d7-454c-ab51-06b6c82d1ffe","level":"info","message":"Starting audio response processing","service":"audio-response-service","timestamp":"2024-08-31T18:45:41.846Z"}
{"correlationId":"d71f5f01-14d7-454c-ab51-06b6c82d1ffe","level":"info","message":"Starting audio transcription","service":"audio-response-service","timestamp":"2024-08-31T18:45:41.847Z"}
{"correlationId":"d71f5f01-14d7-454c-ab51-06b6c82d1ffe","level":"info","message":"Audio transcription completed","service":"audio-response-service","timestamp":"2024-08-31T18:45:42.902Z"}
{"correlationId":"d71f5f01-14d7-454c-ab51-06b6c82d1ffe","level":"info","message":"Audio endpoint completed","service":"audio-response-service","timestamp":"2024-08-31T18:45:42.902Z","totalTime":1056}
{"correlationId":"0fe78665-dfb2-4546-a6d1-024a508996a0","level":"info","message":"Starting audio response processing","service":"audio-response-service","timestamp":"2024-08-31T18:45:59.982Z"}
{"correlationId":"0fe78665-dfb2-4546-a6d1-024a508996a0","level":"info","message":"Starting audio transcription","service":"audio-response-service","timestamp":"2024-08-31T18:45:59.982Z"}
{"correlationId":"0fe78665-dfb2-4546-a6d1-024a508996a0","level":"info","message":"Audio transcription completed","service":"audio-response-service","timestamp":"2024-08-31T18:46:00.849Z"}
{"correlationId":"0fe78665-dfb2-4546-a6d1-024a508996a0","level":"info","message":"Audio endpoint completed","service":"audio-response-service","timestamp":"2024-08-31T18:46:00.850Z","totalTime":868}
{"correlationId":"9ac5fcdd-bbce-468e-9d1a-7ae72b6dffd2","level":"info","message":"Starting audio response processing","service":"audio-response-service","timestamp":"2024-08-31T18:46:11.003Z"}
{"correlationId":"9ac5fcdd-bbce-468e-9d1a-7ae72b6dffd2","level":"info","message":"Starting audio transcription","service":"audio-response-service","timestamp":"2024-08-31T18:46:11.007Z"}
{"correlationId":"9ac5fcdd-bbce-468e-9d1a-7ae72b6dffd2","level":"info","message":"Audio transcription completed","service":"audio-response-service","timestamp":"2024-08-31T18:46:11.811Z"}
{"correlationId":"9ac5fcdd-bbce-468e-9d1a-7ae72b6dffd2","level":"info","message":"Starting follow-up decision process","service":"audio-response-service","timestamp":"2024-08-31T18:46:12.853Z"}
{"correlationId":"9ac5fcdd-bbce-468e-9d1a-7ae72b6dffd2","level":"info","message":"Follow-up decision process completed","service":"audio-response-service","timestamp":"2024-08-31T18:46:14.105Z","totalExecutionTime":1252}
{"correlationId":"9ac5fcdd-bbce-468e-9d1a-7ae72b6dffd2","level":"info","message":"Audio endpoint completed","service":"audio-response-service","timestamp":"2024-08-31T18:46:14.792Z","totalTime":3789}
{"correlationId":"f2124b0b-5192-4bf1-b1b3-b23accd853ad","level":"info","message":"Starting audio response processing","service":"audio-response-service","timestamp":"2024-08-31T18:46:38.278Z"}
{"correlationId":"f2124b0b-5192-4bf1-b1b3-b23accd853ad","level":"info","message":"Starting audio transcription","service":"audio-response-service","timestamp":"2024-08-31T18:46:38.280Z"}
{"correlationId":"f2124b0b-5192-4bf1-b1b3-b23accd853ad","level":"info","message":"Audio transcription completed","service":"audio-response-service","timestamp":"2024-08-31T18:46:39.067Z"}
{"correlationId":"f2124b0b-5192-4bf1-b1b3-b23accd853ad","level":"info","message":"Starting follow-up decision process","service":"audio-response-service","timestamp":"2024-08-31T18:46:39.457Z"}
{"correlationId":"f2124b0b-5192-4bf1-b1b3-b23accd853ad","level":"info","message":"Follow-up decision process completed","service":"audio-response-service","timestamp":"2024-08-31T18:46:40.337Z","totalExecutionTime":880}
{"correlationId":"f2124b0b-5192-4bf1-b1b3-b23accd853ad","level":"info","message":"Audio endpoint completed","service":"audio-response-service","timestamp":"2024-08-31T18:46:41.066Z","totalTime":2788}
{"correlationId":"12299c3c-2939-4f83-b18a-4c1558148dbf","level":"info","message":"Starting audio response processing","service":"audio-response-service","timestamp":"2024-08-31T18:50:28.340Z"}
{"correlationId":"12299c3c-2939-4f83-b18a-4c1558148dbf","level":"warn","message":"Missing required fields","requestData":{"currentBaseQuestionContext":"Understand the Facebook mobile application's top \"Jobs To Be Done\" for the user","currentBaseQuestionId":"61dfc1ec-bd53-4694-89f5-35fcc526b086","currentResponseId":"","followUpLevel":"AUTOMATIC","interviewSessionId":"a2d21996-b97d-4d27-9c09-f8e6bea8d6f7","nextBaseQuestionId":"b285c806-2169-4848-8a7c-a88c343d850f","shouldFollowUp":true,"studyBackground":"We are conducting this study to better understand how users interact with our social media platform. Your participation will involve answering a few questions about your experience and habits when using our app. ","thread":[{"questionId":"61dfc1ec-bd53-4694-89f5-35fcc526b086","questionText":"What do you enjoy about facebook?"}]},"service":"audio-response-service","timestamp":"2024-08-31T18:50:28.345Z"}
{"correlationId":"0fb597a0-ded9-4e2e-95fa-3d95be27c14f","level":"info","message":"Starting audio response processing","service":"audio-response-service","timestamp":"2024-08-31T18:50:32.657Z"}
{"correlationId":"0fb597a0-ded9-4e2e-95fa-3d95be27c14f","level":"info","message":"Starting audio transcription","service":"audio-response-service","timestamp":"2024-08-31T18:50:32.659Z"}
{"correlationId":"0fb597a0-ded9-4e2e-95fa-3d95be27c14f","level":"info","message":"Audio transcription completed","service":"audio-response-service","timestamp":"2024-08-31T18:50:33.614Z"}
{"correlationId":"0fb597a0-ded9-4e2e-95fa-3d95be27c14f","level":"info","message":"Audio endpoint completed","service":"audio-response-service","timestamp":"2024-08-31T18:50:33.615Z","totalTime":958}
{"correlationId":"0636de2e-decc-4a13-8d23-0be7e51c89ac","level":"info","message":"Starting audio response processing","service":"audio-response-service","timestamp":"2024-08-31T18:51:08.123Z"}
{"correlationId":"0636de2e-decc-4a13-8d23-0be7e51c89ac","level":"info","message":"Starting audio transcription","service":"audio-response-service","timestamp":"2024-08-31T18:51:08.127Z"}
{"correlationId":"0636de2e-decc-4a13-8d23-0be7e51c89ac","level":"info","message":"Audio transcription completed","service":"audio-response-service","timestamp":"2024-08-31T18:51:08.677Z"}
{"correlationId":"0636de2e-decc-4a13-8d23-0be7e51c89ac","level":"info","message":"Audio endpoint completed","service":"audio-response-service","timestamp":"2024-08-31T18:51:08.678Z","totalTime":556}
{"correlationId":"2e397036-d055-47ef-a87b-8870186e7bf5","level":"info","message":"Starting audio response processing","service":"audio-response-service","timestamp":"2024-08-31T18:51:16.009Z"}
{"correlationId":"2e397036-d055-47ef-a87b-8870186e7bf5","level":"info","message":"Starting audio transcription","service":"audio-response-service","timestamp":"2024-08-31T18:51:16.011Z"}
{"correlationId":"2e397036-d055-47ef-a87b-8870186e7bf5","level":"info","message":"Audio transcription completed","service":"audio-response-service","timestamp":"2024-08-31T18:51:16.721Z"}
{"correlationId":"2e397036-d055-47ef-a87b-8870186e7bf5","level":"info","message":"Audio endpoint completed","service":"audio-response-service","timestamp":"2024-08-31T18:51:16.721Z","totalTime":712}
{"correlationId":"fec5d200-8e7d-4cb3-8283-fecc1796d018","level":"info","message":"Starting audio response processing","service":"audio-response-service","timestamp":"2024-08-31T18:51:26.689Z"}
{"correlationId":"fec5d200-8e7d-4cb3-8283-fecc1796d018","level":"info","message":"Starting audio transcription","service":"audio-response-service","timestamp":"2024-08-31T18:51:26.691Z"}
{"correlationId":"fec5d200-8e7d-4cb3-8283-fecc1796d018","level":"info","message":"Audio transcription completed","service":"audio-response-service","timestamp":"2024-08-31T18:51:27.546Z"}
{"correlationId":"fec5d200-8e7d-4cb3-8283-fecc1796d018","level":"info","message":"Audio endpoint completed","service":"audio-response-service","timestamp":"2024-08-31T18:51:27.547Z","totalTime":858}
{"correlationId":"778c9784-bc51-4365-a253-50642035f516","level":"info","message":"Starting audio response processing","service":"audio-response-service","timestamp":"2024-08-31T18:51:35.329Z"}
{"correlationId":"778c9784-bc51-4365-a253-50642035f516","level":"info","message":"Starting audio transcription","service":"audio-response-service","timestamp":"2024-08-31T18:51:35.331Z"}
{"correlationId":"778c9784-bc51-4365-a253-50642035f516","level":"info","message":"Audio transcription completed","service":"audio-response-service","timestamp":"2024-08-31T18:51:36.114Z"}
{"correlationId":"778c9784-bc51-4365-a253-50642035f516","level":"info","message":"Starting follow-up decision process","service":"audio-response-service","timestamp":"2024-08-31T18:51:36.523Z"}
{"correlationId":"778c9784-bc51-4365-a253-50642035f516","level":"info","message":"Follow-up decision process completed","service":"audio-response-service","timestamp":"2024-08-31T18:51:54.039Z","totalExecutionTime":17516}
{"correlationId":"778c9784-bc51-4365-a253-50642035f516","level":"info","message":"Audio endpoint completed","service":"audio-response-service","timestamp":"2024-08-31T18:51:54.986Z","totalTime":19657}
{"correlationId":"34064a37-0ddb-4d2a-b0a7-c0260893e607","level":"info","message":"Starting audio response processing","service":"audio-response-service","timestamp":"2024-08-31T18:52:22.963Z"}
{"correlationId":"34064a37-0ddb-4d2a-b0a7-c0260893e607","level":"info","message":"Starting audio transcription","service":"audio-response-service","timestamp":"2024-08-31T18:52:22.967Z"}
{"correlationId":"34064a37-0ddb-4d2a-b0a7-c0260893e607","level":"info","message":"Audio transcription completed","service":"audio-response-service","timestamp":"2024-08-31T18:52:23.682Z"}
{"correlationId":"34064a37-0ddb-4d2a-b0a7-c0260893e607","level":"info","message":"Audio endpoint completed","service":"audio-response-service","timestamp":"2024-08-31T18:52:23.683Z","totalTime":721}
{"correlationId":"6b73f718-3608-41db-aae8-21f5060d1a79","level":"info","message":"Starting audio response processing","service":"audio-response-service","timestamp":"2024-08-31T18:54:46.561Z"}
{"correlationId":"6b73f718-3608-41db-aae8-21f5060d1a79","level":"info","message":"Starting audio transcription","service":"audio-response-service","timestamp":"2024-08-31T18:54:46.567Z"}
{"correlationId":"6b73f718-3608-41db-aae8-21f5060d1a79","level":"info","message":"Audio transcription completed","service":"audio-response-service","timestamp":"2024-08-31T18:54:47.174Z"}
{"correlationId":"6b73f718-3608-41db-aae8-21f5060d1a79","level":"info","message":"Audio endpoint completed","service":"audio-response-service","timestamp":"2024-08-31T18:54:47.175Z","totalTime":614}
{"correlationId":"4c8e4867-aefe-4499-84d0-0689e5ef5b5a","level":"info","message":"Starting audio response processing","service":"audio-response-service","timestamp":"2024-08-31T18:55:05.914Z"}
{"correlationId":"4c8e4867-aefe-4499-84d0-0689e5ef5b5a","level":"info","message":"Starting audio transcription","service":"audio-response-service","timestamp":"2024-08-31T18:55:05.916Z"}
{"correlationId":"4c8e4867-aefe-4499-84d0-0689e5ef5b5a","level":"info","message":"Audio transcription completed","service":"audio-response-service","timestamp":"2024-08-31T18:55:06.702Z"}
{"correlationId":"4c8e4867-aefe-4499-84d0-0689e5ef5b5a","level":"info","message":"Audio endpoint completed","service":"audio-response-service","timestamp":"2024-08-31T18:55:06.703Z","totalTime":789}
{"correlationId":"2daa5011-0e73-4e4c-bec1-3c5f8a8b966e","level":"info","message":"Starting audio response processing","service":"audio-response-service","timestamp":"2024-08-31T18:55:24.186Z"}
{"correlationId":"2daa5011-0e73-4e4c-bec1-3c5f8a8b966e","level":"info","message":"Starting audio transcription","service":"audio-response-service","timestamp":"2024-08-31T18:55:24.187Z"}
{"correlationId":"2daa5011-0e73-4e4c-bec1-3c5f8a8b966e","level":"info","message":"Audio transcription completed","service":"audio-response-service","timestamp":"2024-08-31T18:55:25.051Z"}
{"correlationId":"2daa5011-0e73-4e4c-bec1-3c5f8a8b966e","level":"info","message":"Starting follow-up decision process","service":"audio-response-service","timestamp":"2024-08-31T18:55:25.278Z"}
{"correlationId":"2daa5011-0e73-4e4c-bec1-3c5f8a8b966e","level":"info","message":"Follow-up decision process completed","service":"audio-response-service","timestamp":"2024-08-31T18:55:32.131Z","totalExecutionTime":6853}
{"correlationId":"2daa5011-0e73-4e4c-bec1-3c5f8a8b966e","level":"info","message":"Audio endpoint completed","service":"audio-response-service","timestamp":"2024-08-31T18:55:32.725Z","totalTime":8539}
{"correlationId":"374f6891-151f-4700-b582-4bb537c55297","level":"info","message":"Starting audio response processing","service":"audio-response-service","timestamp":"2024-08-31T18:56:01.793Z"}
{"correlationId":"374f6891-151f-4700-b582-4bb537c55297","level":"info","message":"Starting audio transcription","service":"audio-response-service","timestamp":"2024-08-31T18:56:01.796Z"}
{"correlationId":"374f6891-151f-4700-b582-4bb537c55297","level":"info","message":"Audio transcription completed","service":"audio-response-service","timestamp":"2024-08-31T18:56:02.566Z"}
{"correlationId":"374f6891-151f-4700-b582-4bb537c55297","level":"info","message":"Audio endpoint completed","service":"audio-response-service","timestamp":"2024-08-31T18:56:02.566Z","totalTime":773}
{"correlationId":"001db927-a770-4a3c-be7d-e80b3615d702","level":"info","message":"Starting audio response processing","service":"audio-response-service","timestamp":"2024-08-31T18:56:21.091Z"}
{"correlationId":"001db927-a770-4a3c-be7d-e80b3615d702","level":"info","message":"Starting audio transcription","service":"audio-response-service","timestamp":"2024-08-31T18:56:21.100Z"}
{"correlationId":"001db927-a770-4a3c-be7d-e80b3615d702","level":"info","message":"Audio transcription completed","service":"audio-response-service","timestamp":"2024-08-31T18:56:22.204Z"}
{"correlationId":"001db927-a770-4a3c-be7d-e80b3615d702","level":"info","message":"Starting follow-up decision process","service":"audio-response-service","timestamp":"2024-08-31T18:56:22.725Z"}
{"correlationId":"001db927-a770-4a3c-be7d-e80b3615d702","level":"info","message":"Follow-up decision process completed","service":"audio-response-service","timestamp":"2024-08-31T18:56:23.549Z","totalExecutionTime":824}
{"correlationId":"001db927-a770-4a3c-be7d-e80b3615d702","level":"info","message":"Audio endpoint completed","service":"audio-response-service","timestamp":"2024-08-31T18:56:24.445Z","totalTime":3354}
{"correlationId":"4be42bfb-5ec5-422e-9224-642a910e5856","level":"info","message":"Starting audio response processing","service":"audio-response-service","timestamp":"2024-08-31T18:56:50.171Z"}
{"correlationId":"4be42bfb-5ec5-422e-9224-642a910e5856","level":"info","message":"Starting audio transcription","service":"audio-response-service","timestamp":"2024-08-31T18:56:50.173Z"}
{"correlationId":"4be42bfb-5ec5-422e-9224-642a910e5856","level":"info","message":"Audio transcription completed","service":"audio-response-service","timestamp":"2024-08-31T18:56:51.036Z"}
{"correlationId":"4be42bfb-5ec5-422e-9224-642a910e5856","level":"info","message":"Starting follow-up decision process","service":"audio-response-service","timestamp":"2024-08-31T18:56:51.261Z"}
{"correlationId":"4be42bfb-5ec5-422e-9224-642a910e5856","level":"info","message":"Follow-up decision process completed","service":"audio-response-service","timestamp":"2024-08-31T18:56:52.871Z","totalExecutionTime":1610}
{"correlationId":"4be42bfb-5ec5-422e-9224-642a910e5856","level":"info","message":"Audio endpoint completed","service":"audio-response-service","timestamp":"2024-08-31T18:56:53.687Z","totalTime":3516}
{"correlationId":"ed3f8104-d7bb-4cef-b6c2-7dcc4b5be6f0","level":"info","message":"Starting audio response processing","service":"audio-response-service","timestamp":"2024-08-31T19:00:48.400Z"}
{"correlationId":"ed3f8104-d7bb-4cef-b6c2-7dcc4b5be6f0","level":"info","message":"Starting audio transcription","service":"audio-response-service","timestamp":"2024-08-31T19:00:48.403Z"}
{"correlationId":"ed3f8104-d7bb-4cef-b6c2-7dcc4b5be6f0","level":"info","message":"Audio transcription completed","service":"audio-response-service","timestamp":"2024-08-31T19:00:49.179Z"}
{"correlationId":"ed3f8104-d7bb-4cef-b6c2-7dcc4b5be6f0","level":"info","message":"Audio endpoint completed","service":"audio-response-service","timestamp":"2024-08-31T19:00:49.179Z","totalTime":779}
{"correlationId":"35593f21-94cf-4859-ba55-eea1d2851d43","level":"info","message":"Starting audio response processing","service":"audio-response-service","timestamp":"2024-08-31T19:01:03.370Z"}
{"correlationId":"35593f21-94cf-4859-ba55-eea1d2851d43","level":"info","message":"Starting audio transcription","service":"audio-response-service","timestamp":"2024-08-31T19:01:03.371Z"}
{"correlationId":"35593f21-94cf-4859-ba55-eea1d2851d43","level":"info","message":"Audio transcription completed","service":"audio-response-service","timestamp":"2024-08-31T19:01:04.006Z"}
{"correlationId":"35593f21-94cf-4859-ba55-eea1d2851d43","level":"info","message":"Audio endpoint completed","service":"audio-response-service","timestamp":"2024-08-31T19:01:04.007Z","totalTime":637}
{"correlationId":"8e9a64a9-969b-4afc-a48e-7272b0104fc6","level":"info","message":"Starting audio response processing","service":"audio-response-service","timestamp":"2024-08-31T19:01:16.234Z"}
{"correlationId":"8e9a64a9-969b-4afc-a48e-7272b0104fc6","level":"info","message":"Starting audio transcription","service":"audio-response-service","timestamp":"2024-08-31T19:01:16.236Z"}
{"correlationId":"8e9a64a9-969b-4afc-a48e-7272b0104fc6","level":"info","message":"Audio transcription completed","service":"audio-response-service","timestamp":"2024-08-31T19:01:17.907Z"}
{"correlationId":"8e9a64a9-969b-4afc-a48e-7272b0104fc6","level":"info","message":"Starting follow-up decision process","service":"audio-response-service","timestamp":"2024-08-31T19:01:18.123Z"}
{"correlationId":"8e9a64a9-969b-4afc-a48e-7272b0104fc6","level":"info","message":"Follow-up decision process completed","service":"audio-response-service","timestamp":"2024-08-31T19:01:19.159Z","totalExecutionTime":1036}
{"correlationId":"8e9a64a9-969b-4afc-a48e-7272b0104fc6","level":"info","message":"Audio endpoint completed","service":"audio-response-service","timestamp":"2024-08-31T19:01:20.135Z","totalTime":3901}
{"correlationId":"2e7a8092-b53d-4925-997b-69ed8596d07a","level":"info","message":"Starting audio response processing","service":"audio-response-service","timestamp":"2024-08-31T19:01:30.735Z"}
{"correlationId":"2e7a8092-b53d-4925-997b-69ed8596d07a","level":"info","message":"Starting audio transcription","service":"audio-response-service","timestamp":"2024-08-31T19:01:30.737Z"}
{"correlationId":"2e7a8092-b53d-4925-997b-69ed8596d07a","level":"info","message":"Audio transcription completed","service":"audio-response-service","timestamp":"2024-08-31T19:01:31.583Z"}
{"correlationId":"2e7a8092-b53d-4925-997b-69ed8596d07a","level":"info","message":"Audio endpoint completed","service":"audio-response-service","timestamp":"2024-08-31T19:01:31.584Z","totalTime":849}
{"correlationId":"e166020f-3579-4253-94c0-95323ac6c428","level":"info","message":"Starting audio response processing","service":"audio-response-service","timestamp":"2024-08-31T19:01:46.014Z"}
{"correlationId":"e166020f-3579-4253-94c0-95323ac6c428","level":"info","message":"Starting audio transcription","service":"audio-response-service","timestamp":"2024-08-31T19:01:46.016Z"}
{"correlationId":"e166020f-3579-4253-94c0-95323ac6c428","level":"info","message":"Audio transcription completed","service":"audio-response-service","timestamp":"2024-08-31T19:01:47.539Z"}
{"correlationId":"e166020f-3579-4253-94c0-95323ac6c428","level":"info","message":"Audio endpoint completed","service":"audio-response-service","timestamp":"2024-08-31T19:01:47.539Z","totalTime":1525}
{"correlationId":"206e91d4-75d4-49d8-aae5-339f32dc8f57","level":"info","message":"Starting audio response processing","service":"audio-response-service","timestamp":"2024-08-31T19:01:57.799Z"}
{"correlationId":"206e91d4-75d4-49d8-aae5-339f32dc8f57","level":"info","message":"Starting audio transcription","service":"audio-response-service","timestamp":"2024-08-31T19:01:57.801Z"}
{"correlationId":"206e91d4-75d4-49d8-aae5-339f32dc8f57","level":"info","message":"Audio transcription completed","service":"audio-response-service","timestamp":"2024-08-31T19:01:58.578Z"}
{"correlationId":"206e91d4-75d4-49d8-aae5-339f32dc8f57","level":"info","message":"Starting follow-up decision process","service":"audio-response-service","timestamp":"2024-08-31T19:01:59.015Z"}
{"correlationId":"206e91d4-75d4-49d8-aae5-339f32dc8f57","level":"info","message":"Follow-up decision process completed","service":"audio-response-service","timestamp":"2024-08-31T19:01:59.852Z","totalExecutionTime":837}
{"correlationId":"206e91d4-75d4-49d8-aae5-339f32dc8f57","level":"info","message":"Audio endpoint completed","service":"audio-response-service","timestamp":"2024-08-31T19:02:00.688Z","totalTime":2888}
{"correlationId":"ef8683da-c697-45d7-bd46-82ce0305889c","level":"info","message":"Starting audio response processing","service":"audio-response-service","timestamp":"2024-08-31T19:02:08.854Z"}
{"correlationId":"ef8683da-c697-45d7-bd46-82ce0305889c","level":"info","message":"Starting audio transcription","service":"audio-response-service","timestamp":"2024-08-31T19:02:08.855Z"}
{"correlationId":"ef8683da-c697-45d7-bd46-82ce0305889c","level":"info","message":"Audio transcription completed","service":"audio-response-service","timestamp":"2024-08-31T19:02:11.050Z"}
{"correlationId":"ef8683da-c697-45d7-bd46-82ce0305889c","level":"info","message":"Audio endpoint completed","service":"audio-response-service","timestamp":"2024-08-31T19:02:11.051Z","totalTime":2197}
{"correlationId":"2b36acb5-52f2-43f6-8b23-cd443a7f1c2d","level":"info","message":"Starting audio response processing","service":"audio-response-service","timestamp":"2024-08-31T19:02:21.043Z"}
{"correlationId":"2b36acb5-52f2-43f6-8b23-cd443a7f1c2d","level":"info","message":"Starting audio transcription","service":"audio-response-service","timestamp":"2024-08-31T19:02:21.044Z"}
{"correlationId":"2b36acb5-52f2-43f6-8b23-cd443a7f1c2d","level":"info","message":"Audio transcription completed","service":"audio-response-service","timestamp":"2024-08-31T19:02:21.648Z"}
{"correlationId":"2b36acb5-52f2-43f6-8b23-cd443a7f1c2d","level":"info","message":"Audio endpoint completed","service":"audio-response-service","timestamp":"2024-08-31T19:02:21.649Z","totalTime":606}
{"correlationId":"fe524282-f407-48d3-b111-2439d117dba9","level":"info","message":"Starting audio response processing","service":"audio-response-service","timestamp":"2024-08-31T19:02:33.380Z"}
{"correlationId":"fe524282-f407-48d3-b111-2439d117dba9","level":"info","message":"Starting audio transcription","service":"audio-response-service","timestamp":"2024-08-31T19:02:33.381Z"}
{"correlationId":"fe524282-f407-48d3-b111-2439d117dba9","level":"info","message":"Audio transcription completed","service":"audio-response-service","timestamp":"2024-08-31T19:02:34.141Z"}
{"correlationId":"fe524282-f407-48d3-b111-2439d117dba9","level":"info","message":"Starting follow-up decision process","service":"audio-response-service","timestamp":"2024-08-31T19:02:34.689Z"}
{"correlationId":"fe524282-f407-48d3-b111-2439d117dba9","level":"info","message":"Follow-up decision process completed","service":"audio-response-service","timestamp":"2024-08-31T19:02:35.907Z","totalExecutionTime":1218}
{"correlationId":"fe524282-f407-48d3-b111-2439d117dba9","level":"info","message":"Audio endpoint completed","service":"audio-response-service","timestamp":"2024-08-31T19:02:36.607Z","totalTime":3227}
{"correlationId":"48365878-601b-420e-a6dc-d88ceb04c9f2","level":"info","message":"Starting audio response processing","service":"audio-response-service","timestamp":"2024-08-31T19:02:56.372Z"}
{"correlationId":"48365878-601b-420e-a6dc-d88ceb04c9f2","level":"info","message":"Starting audio transcription","service":"audio-response-service","timestamp":"2024-08-31T19:02:56.374Z"}
{"correlationId":"48365878-601b-420e-a6dc-d88ceb04c9f2","level":"info","message":"Audio transcription completed","service":"audio-response-service","timestamp":"2024-08-31T19:02:57.247Z"}
{"correlationId":"48365878-601b-420e-a6dc-d88ceb04c9f2","level":"info","message":"Starting follow-up decision process","service":"audio-response-service","timestamp":"2024-08-31T19:02:57.599Z"}
{"correlationId":"48365878-601b-420e-a6dc-d88ceb04c9f2","level":"info","message":"Follow-up decision process completed","service":"audio-response-service","timestamp":"2024-08-31T19:02:58.383Z","totalExecutionTime":784}
{"correlationId":"48365878-601b-420e-a6dc-d88ceb04c9f2","level":"info","message":"Audio endpoint completed","service":"audio-response-service","timestamp":"2024-08-31T19:02:59.256Z","totalTime":2884}
{"correlationId":"74ebfa76-eb7d-43cf-902f-2459fae4d831","level":"info","message":"Starting audio response processing","service":"audio-response-service","timestamp":"2024-08-31T19:03:16.280Z"}
{"correlationId":"74ebfa76-eb7d-43cf-902f-2459fae4d831","level":"info","message":"Starting audio transcription","service":"audio-response-service","timestamp":"2024-08-31T19:03:16.283Z"}
{"correlationId":"74ebfa76-eb7d-43cf-902f-2459fae4d831","level":"info","message":"Audio transcription completed","service":"audio-response-service","timestamp":"2024-08-31T19:03:17.171Z"}
{"correlationId":"74ebfa76-eb7d-43cf-902f-2459fae4d831","level":"info","message":"Starting follow-up decision process","service":"audio-response-service","timestamp":"2024-08-31T19:03:17.586Z"}
{"correlationId":"74ebfa76-eb7d-43cf-902f-2459fae4d831","level":"info","message":"Follow-up decision process completed","service":"audio-response-service","timestamp":"2024-08-31T19:03:18.507Z","totalExecutionTime":921}
{"correlationId":"74ebfa76-eb7d-43cf-902f-2459fae4d831","level":"info","message":"Audio endpoint completed","service":"audio-response-service","timestamp":"2024-08-31T19:03:19.360Z","totalTime":3080}
{"correlationId":"d12c18f6-f798-4e2d-ab70-7135b0f97630","level":"info","message":"Starting audio response processing","service":"audio-response-service","timestamp":"2024-08-31T19:33:31.400Z"}
{"correlationId":"d12c18f6-f798-4e2d-ab70-7135b0f97630","level":"info","message":"Starting audio transcription","service":"audio-response-service","timestamp":"2024-08-31T19:33:31.414Z"}
{"correlationId":"d12c18f6-f798-4e2d-ab70-7135b0f97630","level":"info","message":"Audio transcription completed","service":"audio-response-service","timestamp":"2024-08-31T19:33:32.740Z"}
{"correlationId":"d12c18f6-f798-4e2d-ab70-7135b0f97630","level":"info","message":"Starting follow-up decision process","service":"audio-response-service","timestamp":"2024-08-31T19:33:33.421Z"}
{"correlationId":"d12c18f6-f798-4e2d-ab70-7135b0f97630","level":"info","message":"Follow-up decision process completed","service":"audio-response-service","timestamp":"2024-08-31T19:33:34.504Z","totalExecutionTime":1083}
{"correlationId":"d12c18f6-f798-4e2d-ab70-7135b0f97630","level":"info","message":"Audio endpoint completed","service":"audio-response-service","timestamp":"2024-08-31T19:33:35.345Z","totalTime":3957}
{"correlationId":"f79ca07b-1ea5-4a93-8dc0-0e0dc3d9ff7e","level":"info","message":"Starting audio response processing","service":"audio-response-service","timestamp":"2024-08-31T19:38:30.145Z"}
{"correlationId":"f79ca07b-1ea5-4a93-8dc0-0e0dc3d9ff7e","level":"info","message":"Starting audio transcription","service":"audio-response-service","timestamp":"2024-08-31T19:38:30.160Z"}
{"correlationId":"f79ca07b-1ea5-4a93-8dc0-0e0dc3d9ff7e","level":"info","message":"Audio transcription completed","service":"audio-response-service","timestamp":"2024-08-31T19:38:31.402Z"}
{"correlationId":"f79ca07b-1ea5-4a93-8dc0-0e0dc3d9ff7e","level":"info","message":"Starting follow-up decision process","service":"audio-response-service","timestamp":"2024-08-31T19:38:32.260Z"}
{"correlationId":"f79ca07b-1ea5-4a93-8dc0-0e0dc3d9ff7e","level":"info","message":"Follow-up decision process completed","service":"audio-response-service","timestamp":"2024-08-31T19:38:33.551Z","totalExecutionTime":1291}
{"correlationId":"f79ca07b-1ea5-4a93-8dc0-0e0dc3d9ff7e","level":"info","message":"Audio endpoint completed","service":"audio-response-service","timestamp":"2024-08-31T19:38:34.248Z","totalTime":4104}
{"correlationId":"62fa50a8-d16c-40bb-870e-ec18c0eb5357","level":"info","message":"Starting audio response processing","service":"audio-response-service","timestamp":"2024-08-31T19:39:21.253Z"}
{"correlationId":"62fa50a8-d16c-40bb-870e-ec18c0eb5357","level":"info","message":"Starting audio transcription","service":"audio-response-service","timestamp":"2024-08-31T19:39:21.267Z"}
{"correlationId":"62fa50a8-d16c-40bb-870e-ec18c0eb5357","level":"info","message":"Audio transcription completed","service":"audio-response-service","timestamp":"2024-08-31T19:39:22.505Z"}
{"correlationId":"62fa50a8-d16c-40bb-870e-ec18c0eb5357","level":"info","message":"Starting follow-up decision process","service":"audio-response-service","timestamp":"2024-08-31T19:39:23.167Z"}
{"correlationId":"62fa50a8-d16c-40bb-870e-ec18c0eb5357","level":"info","message":"Follow-up decision process completed","service":"audio-response-service","timestamp":"2024-08-31T19:39:24.322Z","totalExecutionTime":1155}
{"correlationId":"62fa50a8-d16c-40bb-870e-ec18c0eb5357","level":"info","message":"Audio endpoint completed","service":"audio-response-service","timestamp":"2024-08-31T19:39:25.170Z","totalTime":3917}
{"correlationId":"9e1393b1-43bb-40c7-aa77-1001d28c316b","level":"info","message":"Starting audio response processing","service":"audio-response-service","timestamp":"2024-08-31T19:42:57.091Z"}
{"correlationId":"9e1393b1-43bb-40c7-aa77-1001d28c316b","level":"info","message":"Starting audio transcription","service":"audio-response-service","timestamp":"2024-08-31T19:42:57.107Z"}
{"correlationId":"9e1393b1-43bb-40c7-aa77-1001d28c316b","level":"info","message":"Audio transcription completed","service":"audio-response-service","timestamp":"2024-08-31T19:42:58.358Z"}
{"correlationId":"9e1393b1-43bb-40c7-aa77-1001d28c316b","level":"info","message":"Starting follow-up decision process","service":"audio-response-service","timestamp":"2024-08-31T19:42:59.173Z"}
{"correlationId":"9e1393b1-43bb-40c7-aa77-1001d28c316b","level":"info","message":"Follow-up decision process completed","service":"audio-response-service","timestamp":"2024-08-31T19:43:00.466Z","totalExecutionTime":1294}
{"correlationId":"9e1393b1-43bb-40c7-aa77-1001d28c316b","level":"info","message":"Audio endpoint completed","service":"audio-response-service","timestamp":"2024-08-31T19:43:01.209Z","totalTime":4118}
{"correlationId":"05c18f7d-c2aa-4a0d-b778-65c09d1b0ef5","level":"info","message":"Starting audio response processing","service":"audio-response-service","timestamp":"2024-08-31T19:44:44.055Z"}
{"correlationId":"05c18f7d-c2aa-4a0d-b778-65c09d1b0ef5","level":"info","message":"Starting audio transcription","service":"audio-response-service","timestamp":"2024-08-31T19:44:44.069Z"}
{"correlationId":"05c18f7d-c2aa-4a0d-b778-65c09d1b0ef5","level":"info","message":"Audio transcription completed","service":"audio-response-service","timestamp":"2024-08-31T19:44:45.331Z"}
{"correlationId":"05c18f7d-c2aa-4a0d-b778-65c09d1b0ef5","level":"info","message":"Audio endpoint completed","service":"audio-response-service","timestamp":"2024-08-31T19:44:46.538Z","totalTime":2484}
{"correlationId":"9530474f-bc02-4c21-a849-b307519f979c","level":"info","message":"Starting audio response processing","service":"audio-response-service","timestamp":"2024-08-31T19:55:42.941Z"}
{"correlationId":"9530474f-bc02-4c21-a849-b307519f979c","level":"info","message":"Starting audio transcription","service":"audio-response-service","timestamp":"2024-08-31T19:55:42.956Z"}
{"correlationId":"9530474f-bc02-4c21-a849-b307519f979c","level":"info","message":"Audio transcription completed","service":"audio-response-service","timestamp":"2024-08-31T19:55:44.288Z"}
{"correlationId":"9530474f-bc02-4c21-a849-b307519f979c","level":"info","message":"Starting follow-up decision process","service":"audio-response-service","timestamp":"2024-08-31T19:55:45.146Z"}
{"correlationId":"9530474f-bc02-4c21-a849-b307519f979c","error":"Error: Failed to parse. Text: \"   \n    \r\n\n    \r\n\n    \r\n\n    \r\n\n    \r\n\n    \r\n\n    \r\n\n    \r\n\n    \r\n\n    \r\n\n    \r\n\n    \r\n\n    \r\n\n    \r\n\n    \r\n\n    \r\n\n    \r\n\n    \r\n\n    \r\n\n    \r\n\n    \r\n\n    \r\n\n    \r\n\n    \r\n\n    \r\n\n    \r\n\n    \r\n\n    \r\n\n    \r\n\n    \r\n\n    \r\n\n    \r\n\n    \r\n\n    \r\n\n    \r\n\n    \r\n\n    \r\n\n    \r\n\n    \r\n\n    \r\n\n    \r\n\n    \r\n\n    \r\n\n    \r\n\n    \r\n\n    \r\n\n    \r\n\n    \r\n\n    \r\n\n    \r\n\n    \r\n\n    \r\n\n    \r\n\n    \r\n\n    \r\n\n    \r\n\n    \r\n\n    \r\n\n    \r\n\n    \r\n\n    \r\n\n    \r\n\n    \r\n\n    \r\n\n    \r\n\n    \r\n\n    \r\n\n    \r\n\n    \r\n\n    \r\n\n    \r\n\n    \r\n\n    \r\n\n    \r\n\n    \r\n\n    \r\n\n    \r\n\n    \r\n\n    \r\n\n    \r\n\n    \r\n\n    \r\n\n    \r\n\n    \r\n\n    \r\n\n    \r\n\n    \r\n\n    \r\n\n    \r\n\n    \r\n\n    \r\n\n    \r\n\n    \r\n\n    \r\n\n    \r\n\n    \r\n\n    \r\n\n    \r\n\n    \r\n\n    \r\n\n    \r\n\n    \r\n\n    \r\n\n    \r\n\n    \r\n\n    \r\n\n    \r\n\n    \r\n\n    \r\n\n    \r\n\n    \r\n\n    \r\n\n    \r\n\n    \r\n\n    \r\n\n    \r\n\n    \r\n\n    \r\n\n    \r\n\n    \r\n\n    \r\n\n    \r\n\n    \r\n\n    \r\n\n    \r\n\n    \r\n\n    \r\n\n    \r\n\n    \r\n\n    \r\n\n    \r\n\n    \r\n\n    \r\n\n    \r\n\n    \r\n\n    \r\n\n    \r\n\n    \r\n\n    \r\n\n    \r\n\n    \r\n\n    \r\n\n    \r\n\n    \r\n\n    \r\n\n    \r\n\n    \r\n\n    \r\n\n    \r\n\n    \r\n\n    \r\n\n    \r\n\n    \r\n\n    \r\n\n    \r\n\n    \r\n\n    \r\n\n    \r\n\n    \r\n\n    \r\n\n    \r\n\n    \r\n\n    \r\n\n    \r\n\n    \r\n\n    \r\n\n    \r\n\n    \r\n\n    \r\n\n    \r\n\n    \r\n\n    \r\n\n\t\n\n\n\n\t\n\n\n\n\t\n\n\n\n\t\n\n\n\n\t\n\n\n\n\t\n\n\n\n\t\n\n\n\n\t\n\n\n\n\t\n\n\n\n\t\n\n\n\n\t\n\n\n\n\t\n\n\n\n\t\n\n\n\n\t\n\n\n\n\t\n\n\n\n\t\n\n\n\n\t\n\n\n\n\t\n\n\n\n\t\n\n\n\n\t\n\n\n\n\t\n\n\n\n\t\n\n\n\n\t\n\n\n\n\t\n\n\n\n\t\n\n\n\n\t\n\n\n\n\t\n\n\n\n\t\n\n\n\n\t\n\n\n\n\t\n\n\n\n\t\n\n\n\n\t\n\n\n\n\t\n\n\n\n\t\n\n\n\n\t\n\n\n\n\t\n\n\n\n\t\n\n\n\n\t\n\n\n\n\t\n\n\n\n\t\n\n\n\n\t\n\n\n\n\t\n\n\n\n\t\n\n\n\n\t\n\n\n\n\t\n\n\n\n\t\n\n\n\n\t\n\n\n\n\t\n\n\n\n\t\n\n\n\n\t\n\n\n\n\t\n\n\n\n\t\n\n\n\n\t\n\n\n\n\t\n\n\n\n\t\n\n\n\n\t\n\n\n\n\t\n\n\n\n\t\n\n\n\n\t\n\n\n\n\t\n\n\n\n\t\n\n\n\n\t\n\n\n\n\t\n\n\n\n\t\n\n\n\n\t\n\n\n\n\t\n\n\n\n\t\n\n\n\n\t\n\n\n\n\t\n\n\n\n\t\n\n\n\n\t\n\n\n\n\t\n\n\n\n\t\n\n\n\n\t\n\n\n\n\t\n\n\n\n\t\n\n\n\n\t\n\n\n\n\t\n\n\n\n\t\n\n\n\n\t\n\n\n\n\t\n\n\n\n\t\n\n\n\n\t\n\n\n\n\t\n\n\n\n\t\n\n\n\n\t\n\n\n\n\t\n\n\n\n\t\n\n\n\n\t\n\n\n\n\t\n\n\n\n\t\n\n\n\n\t\n\n\n\n\t\n\n\n\n\t\n\n\n\n\t\n\n\n\n\t\n\n\n\n\t\n\n\n\n\t\n\n\n\n\t\n\n\n\n\t\n\n\n\n\t\n\n\n\n\t\n\n\n\n\t\n\n\n\n\t\n\n\n\n\t\n\n\n\n\t\n\n\n\n\t\n\n\n\n\t\n\n\n\n\t\n\n\n\n\t\n\n\n\n\t\n\n\n\n\t\n\n\n\n\t\n\n\n\n\t\n\n\n\n\t\n\n\n\n\t\n\n\n\n\t\n\n\n\n\t\n\n\n\n\t\n\n\n\n\t\n\n\n\n\t\n\n\n\n\t\n\n\n\n\t\n\n\n\n\t\n\n\n\n\t\n\n\n\n\t\n\n\n\n\t\n\n\n\n\t\n\n\n\n\t\n\n\n\n\t\n\n\n\n\t\n\n\n\n\t\n\n\n\n\t\n\n\n\n\t\n\n\n\n\t\n\n\n\n\t\n\n\n\n\t\n\n\n\n\t\n\n\n\n\t\n\n\n\n\t\n\n\n\n\t\n\n\n\n\t\n\n\n\n\t\n\n\n\n\t\n\n\n\n\t\n\n\n\n\t\n\n\n\n\t\n\n\n\n\t\n\n\n\n\t\n\n\n\n\t\n\n\n\n\t\n\n\n\n\t\n\n\n\n\t\n\n\n\n\t\n\n\n\n\t\n\n\n\n\t\n\n\n\n\t\n\n\n\n\t\n\n\n\n\t\n\n\n\n\t\n\n\n\n\t\n\n\n\n\t\n\n\n\n\t\n\n\n\n\t\n\n\n\n\t\n\n\n\n\t\n\n\n\n\t\n\n\n\n\t\n\n\n\n\t\n\n\n\n\t\n\n\n\n\t\n\n\n\n\t\n\n\n\n\t\n\n\n\n\t\n\n\n\n\t\n\n\n\n\t\n\n\n\n\t\n\n\n\n\t\n\n\n\n\t\n\n\n\n\t\n\n\n\n\t\n\n\n\n\t\n\n\n\n\t\n\n\n\n\t\n\n\n\n\t\n\n\n\n\t\n\n\n\n\t\n\n\n\n\t\n\n\n\n\t\n\n\n\n\t\n\n\n\n\t\n\n\n\n\t\n\n\n\n\t\n\n\n\n\t\n\n\n\n\t\n\n\n\n\t\n\n\n\n\t\n\n\n\n\t\n\n\n\n\t\n\n\n\n\t\n\n\n\n\t\n\n\n\n\t\n\n\n\n\t\n\n\n\n\t\n\n\n\n\t\n\n\n\n\t\n\n\n\n\t\n\n\n\n\t\n\n\n\n\t\n\n\n\n\t\n\n\n\n\t\n\n\n\n\t\n\n\n\n\t\n\n\n\n\t\n\n\n\n\t\n\n\n\n\t\n\n\n\n\t\n\n\n\n\t\n\n\n\n\t\n\n\n\n\t\n\n\n\n\t\n\n\n\n\t\n\n\n\n\t\n\n\n\n\t\n\n\n\n\t\n\n\n\n\t\n\n\n\n\t\n\n\n\n\t\n\n\n\n\t\n\n\n\n\t\n\n\n\n\t\n\n\n\n\t\n\n\n\n\t\n\n\n\n\t\n\n\n\n\t\n\n\n\n\t\n\n\n\n\t\n\n\n\n\t\n\n\n\n\t\n\n\n\n\t\n\n\n\n\t\n\n\n\n\t\n\n\n\n\t\n\n\n\n\t\n\n\n\n\t\n\n\n\n\t\n\n\n\n\t\n\n\n\n\t\n\n\n\n\t\n\n\n\n\t\n\n\n\n\t\n\n\n\n\t\n\n\n\n\t\n\n\n\n\t\n\n\n\n\t\n\n\n\n\t\n\n\n\n\t\n\n\n\n\t\n\n\n\n\t\n\n\n\n\t\n\n\n\n\t\n\n\n\n\t\n\n\n\n\t\n\n\n\n\t\n\n\n\n\t\n\n\n\n\t\n\n\n\n\t\n\n\n\n\t\n\n\n\n\t\n\n\n\n\t\n\n\n\n\t\n\n\n\n\t\n\n\n\n\t\n\n\n\n\t\n\n\n\n\t\n\n\n\n\t\n\n\n\n\t\n\n\n\n\t\n\n\n\n\t\n\n\n\n\t\n\n\n\n\t\n\n\n\n\t\n\n\n\n\t\n\n\n\n\t\n\n\n\n\t\n\n\n\n\t\n\n\n\n\t\n\n\n\n\t\n\n\n\n\t\n\n\n\n\t\n\n\n\n\t\n\n\n\n\t\n\n\n\n\t\n\n\n\n\t\n\n\n\n\t\n\n\n\n\t\n\n\n\n\t\n\n\n\n\t\n\n\n\n\t\n\n\n\n\t\n\n\n\n\t\n\n\n\n\t\n\n\n\n\t\n\n\n\n\t\n\n\n\n\t\n\n\n\n\t\n\n\n\n\t\n\n\n\n\t\n\n\n\n\t\n\n\n\n\t\n\n\n\n\t\n\n\n\n\t\n\n\n\n\t\n\n\n\n\t\n\n\n\n\t\n\n\n\n\t\n\n\n\n\t\n\n\n\n\t\n\n\n\n\t\n\n\n\n\t\n\n\n\n\t\n\n\n\n\t\n\n\n\n\t\n\n\n\n\t\n\n\n\n\t\n\n\n\n\t\n\n\n\n\t\n\n\n\n\t\n\n\n\n\t\n\n\n\n\t\n\n\n\n\t\n\n\n\n\t\n\n\n\n\t\n\n\n\n\t\n\n\n\n\t\n\n\n\n\t\n\n\n\n\t\n\n\n\n\t\n\n\n\n\t\n\n\n\n\t\n\n\n\n\t\n\n\n\n\t\n\n\n\n\t\n\n\n\n\t\n\n\n\n\t\n\n\n\n\t\n\n\n\n\t\n\n\n\n\t\n\n\n\n\t\n\n\n\n\t\n\n\n\n\t\n\n\n\n\t\n\n\n\n\t\n\n\n\n\t\n\n\n\n\t\n\n\n\n\t\n\n\n\n\t\n\n\n\n\t\n\n\n\n\t\n\n\n\n\t\n\n\n\n\t\n\n\n\n\t\n\n\n\n\t\n\n\n\n\t\n\n\n\n\t\n\n\n\n\t\n\n\n\n\t\n\n\n\n\t\n\n\n\n\t\n\n\n\n\t\n\n\n\n\t\n\n\n\n\t\n\n\n\n\t\n\n\n\n\t\n\n\n\n\t\n\n\n\n\t\n\n\n\n\t\n\n\n\n\t\n\n\n\n\t\n\n\n\n\t\n\n\n\n\t\n\n\n\n\t\n\n\n\n\t\n\n\n\n\t\n\n\n\n\t\n\n\n\n\t\n\n\n\n\t\n\n\n\n\t\n\n\n\n\t\n\n\n\n\t\n\n\n\n\t\n\n\n\n\t\n\n\n\n\t\n\n\n\n\t\n\n\n\n\t\n\n\n\n\t\n\n\n\n\t\n\n\n\n\t\n\n\n\n\t\n\n\n\n\t\n\n\n\n\t\n\n\n\n\t\n\n\n\n\t\n\n\n\n\t\n\n\n\n\t\n\n\n\n\t\n\n\n\n\t\n\n\n\n\t\n\n\n\n\t\n\n\n\n\t\n\n\n\n\t\n\n\n\n\t\n\n\n\n\t\n\n\n\n\t\n\n\n\n\t\n\n\n\n\t\n\n\n\n\t\n\n\n\n\t\n\n\n\n\t\n\n\n\n\t\n\n\n\n\t\n\n\n\n\t\n\n\n\n\t\n\n\n\n\t\n\n\n\n\t\n\n\n\n\t\n\n\n\n\t\n\n\n\n\t\n\n\n\n\t\n\n\n\n\t\n\n\n\n\t\n\n\n\n\t\n\n\n\n\t\n\n\n\n\t\n\n\n\n\t\n\n\n\n\t\n\n\n\n\t\n\n\n\n\t\n\n\n\n\t\n\n\n\n\t\n\n\n\n\t\n\n\n\n\t\n\n\n\n\t\n\n\n\n\t\n\n\n\n\t\n\n\n\n\t\n\n\n\n\t\n\n\n\n\t\n\n\n\n\t\n\n\n\n\t\n\n\n\n\t\n\n\n\n\t\n\n\n\n\t\n\n\n\n\t\n\n\n\n\t\n\n\n\n\t\n\n\n\n\t\n\n\n\n\t\n\n\n\n\t\n\n\n\n\t\n\n\n\n\t\n\n\n\n\t\n\n\n\n\t\n\n\n\n\t\n\n\n\n\t\n\n\n\n\t\n\n\n\n\t\n\n\n\n\t\n\n\n\n\t\n\n\n\n\t\n\n\n\n\t\n\n\n\n\t\n\n\n\n\t\n\n\n\n\t\n\n\n\n\t\n\n\n\n\t\n\n\n\n\t\n\n\n\n\t\n\n\n\n\t\n\n\n\n\t\n\n\n\n\t\n\n\n\n\t\n\n\n\n\t\n\n\n\n\t\n\n\n\n\t\n\n\n\n\t\n\n\n\n\t\n\n\n\n\t\n\n\n\n\t\n\n\n\n\t\n\n\n\n\t\n\n\n\n\t\n\n\n\n\t\n\n\n\n\t\n\n\n\n\t\n\n\n\n\t\n\n\n\n\t\n\n\n\n\t\n\n\n\n\t\n\n\n\n\t\n\n\n\n\t\n\n\n\n\t\n\n\n\n\t\n\n\n\n\t\n\n\n\n\t\n\n\n\n\t\n\n\n\n\t\n\n\n\n\t\n\n\n\n\t\n\n\n\n\t\n\n\n\n\t\n\n\n\n\t\n\n\n\n\t\n\n\n\n\t\n\n\n\n\t\n\n\n\n\t\n\n\n\n\t\n\n\n\n\t\n\n\n\n\t\n\n\n\n\t\n\n\n\n\t\n\n\n\n\t\n\n\n\n\t\n\n\n\n\t\n\n\n\n\t\n\n\n\n\t\n\n\n\n\t\n\n\n\n\t\n\n\n\n\t\n\n\n\n\t\n\n\n\n\t\n\n\n\n\t\n\n\n\n\t\n\n\n\n\t\n\n\n\n\t\n\n\n\n\t\n\n\n\n\t\n\n\n\n\t\n\n\n\n\t\n\n\n\n\t\n\n\n\n\t\n\n\n\n\t\n\n\n\n\t\n\n\n\n\t\n\n\n\n\t\n\n\n\n\t\n\n\n\n\t\n\n\n\n\t\n\n\n\n\t\n\n\n\n\t\n\n\n\n\t\n\n\n\n\t\n\n\n\n\t\n\n\n\n\t\n\n\n\n\t\n\n\n\n\t\n\n\n\n\t\n\n\n\n\t\n\n\n\n\t\n\n\n\n\t\n\n\n\n\t\n\n\n\n\t\n\n\n\n\t\n\n\n\n\t\n\n\n\n\t\n\n\n\n\t\n\n\n\n\t\n\n\n\n\t\n\n\n\n\t\n\n\n\n\t\n\n\n\n\t\n\n\n\n\t\n\n\n\n\t\n\n\n\n\t\n\n\n\n\t\n\n\n\n\t\n\n\n\n\t\n\n\n\n\t\n\n\n\n\t\n\n\n\n\t\n\n\n\n\t\n\n\n\n\t\n\n\n\n\t\n\n\n\n\t\n\n\n\n\t\n\n\n\n\t\n\n\n\n\t\n\n\n\n\t\n\n\n\n\t\n\n\n\n\t\n\n\n\n\t\n\n\n\n\t\n\n\n\n\t\n\n\n\n\t\n\n\n\n\t\n\n\n\n\t\n\n\n\n\t\n\n\n\n\t\n\n\n\n\t\n\n\n\n\t\n\n\n\n\t\n\n\n\n\t\n\n\n\n\t\n\n\n\n\t\n\n\n\n\t\n\n\n\n\t\n\n\n\n\t\n\n\n\n\t\n\n\n\n\t\n\n\n\n\t\n\n\n\n\t\n\n\n\n\t\n\n\n\n\t\n\n\n\n\t\n\n\n\n\t\n\n\n\n\t\n\n\n\n\t\n\n\n\n\t\n\n\n\n\t\n\n\n\n\t\n\n\n\n\t\n\n\n\n\t\n\n\n\n\t\n\n\n\n\t\n\n\n\n\t\n\n\n\n\t\n\n\n\n\t\n\n\n\n\t\n\n\n\n\t\n\n\n\n\t\n\n\n\n\t\n\n\n\n\t\n\n\n\n\t\n\n\n\n\t\n\n\n\n\t\n\n\n\n\t\n\n\n\n\t\n\n\n\n\t\n\n\n\n\t\n\n\n\n\t\n\n\n\n\t\n\n\n\n\t\n\n\n\n\t\n\n\n\n\t\n\n\n\n\t\n\n\n\n\t\n\n\n\n\t\n\n\n\n\t\n\n\n\n\t\n\n\n\n\t\n\n\n\n\t\n\n\n\n\t\n\n\n\n\t\n\n\n\n\t\n\n\n\n\t\n\n\n\n\t\n\n\n\n\t\n\n\n\n\t\n\n\n\n\t\n\n\n\n\t\n\n\n\n\t\n\n\n\n\t\n\n\n\n\t\n\n\n\n\t\n\n\n\n\t\n\n\n\n\t\n\n\n\n\t\n\n\n\n\t\n\n\n\n\t\n\n\n\n\t\n\n\n\n\t\n\n\n\n\t\n\n\n\n\t\n\n\n\n\t\n\n\n\n\t\n\n\n\n\t\n\n\n\n\t\n\n\n\n\t\n\n\n\n\t\n\n\n\n\t\n\n\n\n\t\n\n\n\n\t\n\n\n\n\t\n\n\n\n\t\n\n\n\n\t\n\n\n\n\t\n\n\n\n\t\n\n\n\n\t\n\n\n\n\t\n\n\n\n\t\n\n\n\n\t\n\n\n\n\t\n\n\n\n\t\n\n\n\n\t\n\n\n\n\t\n\n\n\n\t\n\n\n\n\t\n\n\n\n\t\n\n\n\n\t\n\n\n\n\t\n\n\n\n\t\n\n\n\n\t\n\n\n\n\t\n\n\n\n\t\n\n\n\n\t\n\n\n\n\t\n\n\n\n\t\n\n\n\n\t\n\n\n\n\t\n\n\n\n\t\n\n\n\n\t\n\n\n\n\t\n\n\n\n\t\n\n\n\n\t\n\n\n\n\t\n\n\n\n\t\n\n\n\n\t\n\n\n\n\t\n\n\n\n\t\n\n\n\n\t\n\n\n\n\t\n\n\n\n\t\n\n\n\n\t\n\n\n\n\t\n\n\n\n\t\n\n\n\n\t\n\n\n\n\t\n\n\n\n\t\n\n\n\n\t\n\n\n\n\t\n\n\n\n\t\n\n\n\n\t\n\n\n\n\t\n\n\n\n\t\n\n\n\n\t\n\n\n\n\t\n\n\n\n\t\n\n\n\n\t\n\n\n\n\t\n\n\n\n\t\n\n\n\n\t\n\n\n\n\t\n\n\n\n\t\n\n\n\n\t\n\n\n\n\t\n\n\n\n\t\n\n\n\n\t\n\n\n\n\t\n\n\n\n\t\n\n\n\n\t\n\n\n\n\t\n\n\n\n\t\n\n\n\n\t\n\n\n\n\t\n\n\n\n\t\n\n\n\n\t\n\n\n\n\t\n\n\n\n\t\n\n\n\n\t\n\n\n\n\t\n\n\n\n\t\n\n\n\n\t\n\n\n\n\t\n\n\n\n\t\n\n\n\n\t\n\n\n\n\t\n\n\n\n\t\n\n\n\n\t\n\n\n\n\t\n\n\n\n\t\n\n\n\n\t\n\n\n\n\t\n\n\n\n\t\n\n\n\n\t\n\n\n\n\t\n\n\n\n\t\n\n\n\n\t\n\n\n\n\t\n\n\n\n\t\n\n\n\n\t\n\n\n\n\t\n\n\n\n\t\n\n\n\n\t\n\n\n\n\t\n\n\n\n\t\n\n\n\n\t\n\n\n\n\t\n\n\n\n\t\n\n\n\n\t\n\n\n\n\t\n\n\n\n\t\n\n\n\n\t\n\n\n\n\t\n\n\n\n\t\n\n\n\n\t\n\n\n\n\t\n\n\n\n\t\n\n\n\n\t\n\n\n\n\t\n\n\n\n\t\n\n\n\n\t\n\n\n\n\t\n\n\n\n\t\n\n\n\n\t\n\n\n\n\t\n\n\n\n\t\n\n\n\n\t\n\n\n\n\t\n\n\n\n\t\n\n\n\n\t\n\n\n\n\t\n\n\n\n\t\n\n\n\n\t\n\n\n\n\t\n\n\n\n\t\n\n\n\n\t\n\n\n\n\t\n\n\n\n\t\n\n\n\n\t\n\n\n\n\t\n\n\n\n\t\n\n\n\n\t\n\n\n\n\t\n\n\n\n\t\n\n\n\n\t\n\n\n\n\t\n\n\n\n\t\n\n\n\n\t\n\n\n\n\t\n\n\n\n\t\n\n\n\n\t\n\n\n\n\t\n\n\n\n\t\n\n\n\n\t\n\n\n\n\t\n\n\n\n\t\n\n\n\n\t\n\n\n\n\t\n\n\n\n\t\n\n\n\n\t\n\n\n\n\t\n\n\n\n\t\n\n\n\n\t\n\n\n\n\t\n\n\n\n\t\n\n\n\n\t\n\n\n\n\t\n\n\n\n\t\n\n\n\n\t\n\n\n\n\t\n\n\n\n\t\n\n\n\n\t\n\n\n\n\t\n\n\n\n\t\n\n\n\n\t\n\n\n\n\t\n\n\n\n\t\n\n\n\n\t\n\n\n\n\t\n\n\n\n\t\n\n\n\n\t\n\n\n\n\t\n\n\n\n\t\n\n\n\n\t\n\n\n\n\t\n\n\n\n\t\n\n\n\n\t\n\n\n\n\t\n\n\n\n\t\n\n\n\n\t\n\n\n\n\t\n\n\n\n\t\n\n\r\n  \n\n\n\n   \n\n\n\n   \n\n\n\n   \n\n\n\n   \n\n\n\n   \n\n\n\n   \n\n\n\n   \n\n\n\n   \n\n\n\n   \n\n\n\n   \n\n\n\n   \n\n\n\n   \n\n\n\n   \n\n\n\n   \n\n\n\n   \n\n\n\n   \n\n\n\n   \n\n\n\n   \n\n\n\n   \n\n\n\n   \n\n\n\n   \n\n\n\n   \n\n\n\n   \n\n\n\n   \n\n\n\n   \n\n\n\n   \n\n\n\n   \n\n\n\n   \n\n\n\n   \n\n\n\n   \n\n\n\n   \n\n\n\n   \n\n\n\n   \n\n\n\n   \n\n\n\n   \n\n\n\n   \n\n\n\n   \n\n\n\n   \n\n\n\n   \n\n\n\n   \n\n\n\n   \n\n\n\n   \n\n\n\n   \n\n\n\n   \n\n\n\n   \n\n\n\n   \n\n\n\n   \n\n\n\n   \n\n\n\n   \n\n\n\n   \n\n\n\n   \n\n\n\n   \n\n\n\n   \n\n\n\n   \n\n\n\n   \n\n\n\n   \n\n\n\n   \n\n\n\n   \n\n\n\n   \n\n\n\n   \n\n\n\n   \n\n\n\n   \n\n\n\n   \n\n\n\n   \n\n\n\n   \n\n\n\n   \n\n\n\n   \n\n\n\n   \n\n\n\n   \n\n\n\n   \n\n\n\n   \n\n\n\n   \n\n\n\n   \n\n\n\n   \n\n\n\n   \n\n\n\n   \n\n\n\n   \n\n\n\n   \n\n\n\n   \n\n\n\n   \n\n\n\n   \n\n\n\n   \n\n\n\n   \n\n\n\n   \n\n\n\n   \n\n\n\n   \n\n\n\n   \n\n\n\n   \n\n\n\n   \n\n\n\n   \n\n\n\n   \n\n\n\n   \n\n\n\n   \n\n\n\n   \n\n\n\n   \n\n\n\n   \n\n\n\n   \n\n\n\n   \n\n\n\n   \n\n\n\n   \n\n\n\n   \n\n\n\n   \n\n\n\n   \n\n\n\n   \n\n\n\n   \n\n\n\n   \n\n\n\n   \n\n\n\n   \n\n\n\n   \n\n\n\n   \n\n\n\n   \n\n\n\n   \n\n\n\n   \n\n\n\n   \n\n\n\n   \n\n\n\n   \n\n\n\n   \n\n\n\n   \n\n\n\n   \n\n\n\n   \n\n\n\n   \n\n\n\n   \n\n\n\n   \n\n\n\n   \n\n\n\n   \n\n\n\n   \n\n\n\n   \n\n\n\n   \n\n\n\n   \n\n\n\n   \n\n\n\n   \n\n\n\n   \n\n\n\n   \n\n\n\n   \n\n\n\n   \n\n\n\n   \n\n\n\n   \n\n\n\n   \n\n\n\n   \n\n\n\n   \n\n\n\n   \n\n\n\n   \n\n\n\n   \n\n\n\n   \n\n\n\n   \n\n\n\n   \n\n\n\n   \n\n\n\n   \n\n\n\n   \n\n\n\n   \n\n\n\n   \n\n\n\n   \n\n\n\n   \n\n\n\n   \n\n\n\n   \n\n\n\n   \n\n\n\n   \n\n\n\n   \n\n\n\n   \n\n\n\n   \n\n\n\n   \n\n\n\n   \n\n\n\n   \n\n\n\n   \n\n\n\n   \n\n\n\n   \n\n\n\n   \n\n\n\n   \n\n\n\n   \n\n\n\n   \n\n\n\n   \n\n\n\n   \n\n\n\n   \n\n\n\n   \n\n\n\n   \n\n\n\n   \n\n\n\n   \n\n\n\n   \n\n\n\n   \n\n\n\n   \n\n\n\n   \n\n\n\n   \n\n\n\n   \n\n\n\n   \n\n\n\n   \n\n\n\n   \n\n\n\n   \n\n\n\n   \n\n\n\n   \n\n\n\n   \n\n\n\n   \n\n\n\n   \n\n\n\n   \n\n\n\n   \n\n\n\n   \n\n\n\n   \n\n\n\n   \n\n\n\n   \n\n\n\n   \n\n\n\n   \n\n\n\n   \n\n\n\n\t\n\n\n\n\t\n\n\n\n\t\n\n\n\n\t\n\n\n\n\t\n\n\n\n\t\n\n\n\n\t\n\n\n\n\t\n\n\n\n\t\n\n\n\n\t\n\n\n\n\t\n\n\n\n\t\n\n\n\n\t\n\n\n\n\t\n\n\n\n\t\n\n\n\n\t\n\n\n\n\t\n\n\n\n\t\n\n\n\n\t\n\n\n\n\t\n\n\n\n\t\n\n\n\n\t\n\n\n\n\t\n\n\n\n\t\n\n\n\n\t\n\n\n\n\t\n\n\n\n\t\n\n\n\n\t\n\n\n\n\t\n\n\n\n\t\n\n\n\n\t\n\n\n\n\t\n\n\n\n\t\n\n\n\n\t\n\n\n\n\t\n\n\n\n\t\n\n\n\n\t\n\n\n\n\t\n\n\n\n\t\n\n\n\n\t\n\n\n\n\t\n\n\n\n\t\n\n\n\n\t\n\n\n\n\t\n\n\n\n\t\n\n\n\n\t\n\n\n\n\t\n\n\n\n\t\n\n\n\n\t\n\n\n\n\t\n\n\n\n\t\n\n\n\n\t\n\n\n\n\t\n\n\n\n\t\n\n\n\n\t\n\n\n\n\t\n\n\n\n\t\n\n\n\n\t\n\n\n\n\t\n\n\n\n\t\n\n\n\n\t\n\n\n\n\t\n\n\n\n\t\n\n\n\n\t\n\n\n\n\t\n\n\n\n\t\n\n\n\n\t\n\n\n\n\t\n\n\n\n\t\n\n\n\n\t\n\n\n\n\t\n\n\n\n\t\n\n\n\n\t\n\n\n\n\t\n\n\n\n\t\n\n\n\n\t\n\n\n\n\t\n\n\n\n\t\n\n\n\n\t\n\n\n\n\t\n\n\n\n\t\n\n\n\n\t\n\n\n\n\t\n\n\n\n\t\n\n\n\n\t\n\n\n\n\t\n\n\n\n\t\n\n\n\n\t\n\n\n\n\t\n\n\n\n\t\n\n\n\n\t\n\n\n\n\t\n\n\n\n\t\n\n\n\n\t\n\n\n\n\t\n\n\n\n\t\n\n\n\n\t\n\n\n\n\t\n\n\n\n\t\n\n\n\n\t\n\n\n\n\t\n\n\n\n\t\n\n\n\n\t\n\n\n\n\t\n\n\n\n\t\n\n\n\n\t\n\n\n\n\t\n\n\n\n\t\n\n\n\n\t\n\n\n\n\t\n\n\n\n\t\n\n\n\n\t\n\n\n\n\t\n\n\n\n\t\n\n\n\n\t\n\n\n\n\t\n\n\n\n\t\n\n\n\n\t\n\n\n\n\t\n\n\n\n\t\n\n\n\n\t\n\n\n\n\t\n\n\n\n\t\n\n\n\n\t\n\n\n\n\t\n\n\n\n\t\n\n\n\n\t\n\n\n\n\t\n\n\n\n\t\n\n\n\n\t\n\n\n\n\t\n\n\n\n\t\n\n\n\n\t\n\n\n\n\t\n\n\n\n\t\n\n\n\n\t\n\n\n\n\t\n\n\n\n\t\n\n\n\n\t\n\n\n\n\t\n\n\n\n\t\n\n\n\n\t\n\n\n\n\t\n\n\n\n\t\n\n\n\n\t\n\n\n\n\t\n\n\n\n\t\n\n\n\n\t\n\n\n\n\t\n\n\n\n\t\n\n\n\n\t\n\n\n\n\t\n\n\n\n\t\n\n\n\n\t\n\n\n\n\t\n\n\n\n\t\n\n\n\n\t\n\n\n\n\t\n\n\n\n\t\n\n\n\n\t\n\n\n\n\t\n\n\n\n\t\n\n\n\n\t\n\n\n\n\t\n\n\n\n\t\n\n\n\n\t\n\n\n\n\t\n\n\n\n\t\n\n\n\n\t\n\n\n\n\t\n\n\n\n\t\n\n\n\n\t\n\n\n\n\t\n\n\n\n\t\n\n\n\n\t\n\n\n\n\t\n\n\n\n\t\n\n\n\n\t\n\n\n\n\t\n\n\n\n\t\n\n\n\n\t\n\n\n\n\t\n\n\n\n\t\n\n\n\n\t\n\n\n\n\t\n\n\n\n\t\n\n\n\n\t\n\n\n\n\t\n\n\n\n\t\n\n\n\n\t\n\n\n\n\t\n\n\n\n\t\n\n\n\n\t\n\n\n\n\t\n\n\n\n\t\n\n\n\n\t\n\n\n\n\t\n\n\n\n\t\n\n\n\n\t\n\n\n\n\t\n\n\n\n\t\n\n\n\n\t\n\n\n\n\t\n\n\n\n\t\n\n\n\n\t\n\n\n\n\t\n\n\n\n\t\n\n\n\n\t\n\n\n\n\t\n\n\n\n\t\n\n\n\n\t\n\n\n\n\t\n\n\n\n\t\n\n\n\n\t\n\n\n\n\t\n\n\n\n\t\n\n\n\n\t\n\n\n\n\t\n\n\n\n\t\n\n\n\n\t\n\n\n\n\t\n\n\n\n\t\n\n\n\n\t\n\n\n\n\t\n\n\n\n\t\n\n\n\n\t\n\n\n\n\t\n\n\n\n\t\n\n\n\n\t\n\n\n\n\t\n\n\n\n\t\n\n\n\n\t\n\n\n\n\t\n\n\n\n\t\n\n\n\n\t\n\n\n\n\t\n\n\n\n\t\n\n\n\n\t\n\n\n\n\t\n\n\n\n\t\n\n\n\n\t\n\n\n\n\t\n\n\n\n\t\n\n\n\n\t\n\n\n\n\t\n\n\n\n\t\n\n\n\n\t\n\n\n\n\t\n\n\n\n\t\n\n\n\n\t\n\n\n\n\t\n\n\n\n\t\n\n\n\n\t\n\n\n\n\t\n\n\n\n\t\n\n\n\n\t\n\n\n\n\t\n\n\n\n\t\n\n\n\n\t\n\n\n\n\t\n\n\n\n\t\n\n\n\n\t\n\n\n\n\t\n\n\n\n\t\n\n\n\n\t\n\n\n\n\t\n\n\n\n\t\n\n\n\n\t\n\n\n\n\t\n\n\n\n\t\n\n\n\n\t\n\n\n\n\t\n\n\n\n\t\n\n\n\n\t\n\n\n\n\t\n\n\n\n\t\n\n\n\n\t\n\n\n\n\t\n\n\n\n\t\n\n\n\n\t\n\n\n\n\t\n\n\n\n\t\n\n\n\n\t\n\n\n\n\t\n\n\n\n\t\n\n\n\n\t\n\n\n\n\t\n\n\n\n\t\n\n\n\n\t\n\n\n\n\t\n\n\n\n\t\n\n\n\n\t\n\n\n\n\t\n\n\n\n\t\n\n\n\n\t\n\n\n\n\t\n\n\n\n\t\n\n\n\n\t\n\n\n\n\t\n\n\n\n\t\n\n\n\n\t\n\n\n\n\t\n\n\n\n\t\n\n\n\n\t\n\n\n\n\t\n\n\n\n\t\n\n\n\n\t\n\n\n\n\t\n\n\n\n\t\n\n\n\n\t\n\n\n\n\t\n\n\n\n\t\n\n\n\n\t\n\n\n\n\t\n\n\n\n\t\n\n\n\n\t\n\n\n\n\t\n\n\n\n\t\n\n\n\n\t\n\n\n\n\t\n\n\n\n\t\n\n\n\n\t\n\n\n\n\t\n\n\n\n\t\n\n\n\n\t\n\n\n\n\t\n\n\n\n\t\n\n\n\n\t\n\n\n\n\t\n\n\n\n\t\n\n\n\n\t\n\n\n\n\t\n\n\n\n\t\n\n\n\n\t\n\n\n\n\t\n\n\n\n\t\n\n\n\n\t\n\n\n\n\t\n\n\n\n\t\n\n\n\n\t\n\n\n\n\t\n\n\n\n\t\n\n\n\n\t\n\n\n\n\t\n\n\n\n\t\n\n\n\n\t\n\n\n\n\t\n\n\n\n\t\n\n\n\n\t\n\n\n\n\t\n\n\n\n\t\n\n\n\n\t\n\n\n\n\t\n\n\n\n\t\n\n\n\n\t\n\n\n\n\t\n\n\n\n\t\n\n\n\n\t\n\n\n\n\t\n\n\n\n\t\n\n\n\n\t\n\n\n\n\t\n\n\n\n\t\n\n\n\n\t\n\n\n\n\t\n\n\n\n\t\n\n\n\n\t\n\n\n\n\t\n\n\n\n\t\n\n\n\n\t\n\n\n\n\t\n\n\n\n\t\n\n\n\n\t\n\n\n\n\t\n\n\n\n\t\n\n\n\n\t\n\n\n\n\t\n\n\n\n\t\n\n\n\n\t\n\n\n\n\t\n\n\n\n\t\n\n\n\n\t\n\n\n\n\t\n\n\n\n\t\n\n\n\n\t\n\n\n\n\t\n\n\n\n\t\n\n\n\n\t\n\n\n\n\t\n\n\n\n\t\n\n\n\n\t\n\n\n\n\t\n\n\n\n\t\n\n\n\n\t\n\n\n\n\t\n\n\n\n\t\n\n\n\n\t\n\n\n\n\t\n\n\n\n\t\n\n\n\n\t\n\n\n\n\t\n\n\n\n\t\n\n\n\n\t\n\n\n\n\t\n\n\n\n\t\n\n\n\n\t\n\n\n\n\t\n\n\n\n\t\n\n\n\n\t\n\n\n\n\t\n\n\n\n\t\n\n\n\n\t\n\n\n\n\t\n\n\n\n\t\n\n\n\n\t\n\n\n\n\t\n\n\n\n\t\n\n\n\n\t\n\n\n\n\t\n\n\n\n\t\n\n\n\n\t\n\n\n\n\t\n\n\n\n\t\n\n\n\n\t\n\n\n\n\t\n\n\n\n\t\n\n\n\n\t\n\n\n\n\t\n\n\n\n\t\n\n\n\n\t\n\n\n\n\t\n\n\n\n\t\n\n\n\n\t\n\n\n\n\t\n\n\n\n\t\n\n\n\n\t\n\n\n\n\t\n\n\n\n\t\n\n\n\n\t\n\n\n\n\t\n\n\n\n\t\n\n\n\n\t\n\n\n\n\t\n\n\n\n\t\n\n\n\n\t\n\n\n\n\t\n\n\n\n\t\n\n\n\n\t\n\n\n\n\t\n\n\n\n\t\n\n\n\n\t\n\n\n\n\t\n\n\n\n\t\n\n\n\n\t\n\n\n\n\t\n\n\n\n\t\n\n\n\n\t\n\n\n\n\t\n\n\n\n\t\n\n\n\n\t\n\n\n\n\t\n\n\n\n\t\n\n\n\n\t\n\n\n\n\t\n\n\n\n\t\n\n\n\n\t\n\n\n\n\t\n\n\n\n\t\n\n\n\n\t\n\n\n\n\t\n\n\n\n\t\n\n\n\n\t\n\n\n\n\t\n\n\n\n\t\n\n\n\n\t\n\n\n\n\t\n\n\n\n\t\n\n\n\n\t\n\n\n\n\t\n\n\n\n\t\n\n\n\n\t\n\n\n\n\t\n\n\n\n\t\n\n\n\n\t\n\n\n\n\t\n\n\n\n\t\n\n\n\n\t\n\n\n\n\t\n\n\n\n\t\n\n\n\n\t\n\n\n\n\t\n\n\n\n\t\n\n\n\n\t\n\n\n\n\t\n\n\n\n\t\n\n\n\n\t\n\n\n\n\t\n\n\n\n\t\n\n\n\n\t\n\n\n\n\t\n\n\n\n\t\n\n\n\n\t\n\n\n\n\t\n\n\n\n\t\n\n\n\n\t\n\n\n\n\t\n\n\n\n\t\n\n\n\n\t\n\n\n\n\t\n\n\n\n\t\n\n\n\n\t\n\n\n\n\t\n\n\n\n\t\n\n\n\n\t\n\n\n\n\t\n\n\n\n\t\n\n\n\n\t\n\n\n\n\t\n\n\n\n\t\n\n\n\n\t\n\n\n\n\r\n\n    \r\n\r\n    \r\n \r\n\r\n\r\n     \r\n      \n\n\n\n\t\n\n\n\n\t\n\n\n\n\t\n\n\n\n\t\n\n\n\n\t\n\n\n\n\t\n\n\n\n\t\n\n\n\n\t\n\n\n\n\t\n\n\n\n\t\n\n\n\n\t\n\n\n\n\t\n\n\n\n\t\n\n\n\n\t\n\n\n\n\t\n\n\n\n\t\n\n\n\n\t\n\n\n\n\t\n\n\n\n\t\n\n\n\n\t\n\n\n\n\t\n\n\n\n\t\n\n\n\n\t\n\n\n\n\t\n\n\n\n\t\n\n\n\n\t\n\n\n\n\t\n\n\n\n\t\n\n\n\n\t\n\n\n\n\t\n\n\n\n\t\n\n\n\n\t\n\n\n\n\t\n\n\n\n\t\n\n\n\n\t\n\n\n\n\t\n\n\n\n\t\n\n\n\n\n\t\n\n\n\n\t\n\n\n\n\t\n\n\n\n\t\n\n\n\n\t\n\n\n\n\t\n\n\n\n\t\n\n\n\n\t\n\n\n\n\t\n\n\n\n\t\n\n\n\n\t\n\n\n\n\t\n\n\n\n\t\n\n\n\n\t\n\n\n\n\t\n\n\n\n\t\n\n\n\n\t\n\n\n\n\t\n\n\n\n\t\n\n\n\n\t\n\n\n\n\t\n\n\n\n\t\n\n\n\n\t\n\n\n\n\t\n\n\n\n\t\n\n\n\n\t\n\n\n\n\t\n\n\n\n\t\n\n\n\n\t\n\n\n\n\t\n\n\n\n\t\n\n\n\n\t\n\n\n\n\t\n\n\n\n\t\n\n\n\n\t\n\n\n\n\t\n\n\n\n\t\n\n\n\n\t\n\n\n\n\t\n\n\n\n\t\n\n\n\n\t\n\n\n\n\t\n\n\n\n\t\n\n\n\n\t\n\n\n\n\t\n\n\n\n\t\n\n\n\n\t\n\n\n\n\t\n\n\n\n\t\n\n\n\n\t\n\n\n\n\t\n\n\n\n\t\n\n\n\n\t\n\n\n\n\t\n\n\n\n\t\n\n\n\n\t\n\n\n\n\t\n\n\n\n\t\n\n\n\n\t\n\n\n\n\t\n\n\n\n\t\n\n\n\n\t\n\n\n\n\t\n\n\n\n\t\n\n\n\n\t\n\n\n\n\t\n\n\n\n\t\n\n\n\n\t\n\n\n\n\t\n\n\n\n\t\n\n\n\n\t\n\n\n\n\t\n\n\n\n\t\n\n\n\n\t\n\n\n\n\t\n\n\n\n\t\n\n\n\n\t\n\n\n\n\t\n\n\n\n\t\n\n\n\n\t\n\n\n\n\t\n\n\n\n\t\n\n\n\n\t\n\n\n\n\t\n\n\n\n\t\n\n\n\n\t\n\n\n\n\t\n\n\n\n\t\n\n\n\n\t\n\n\n\n\t\n\n\n\n\t\n\n\n\n\t\n\n\n\n\t\n\n\n\n\n\n\t\n\n\n\n\t\n\n\n\n\n\t\n\n\n\n\t\n\n\n\n\t\n\n\n\n\t\n\n\n\n\n\n\t\n\n\n\n\n\t\n\n\n\n\t\n\n\n\n\t\n\n\n\n\t\n\n\n\n\t\n\n\n\n\t\n\n\n\n\n\n\n\n\n\n\n\n\n\t \n\n\n\n\t\n\n\n\n\t\n\n\n\n\t\n\n\n\n\t\n\n\n\n\t\n\n\n\n\t\n\n\n\n\t\n\n\n\n\t\n\n\n\n\t\n\n\n\n\t\n\n\n\n\t\n\n\n\n\t\n\n\n\n\t\n\n\n\n\t\n\n\n\n\t\n\n\n\n\t\n\n\n\n\t\n\n\n\n\t\n\n\n\n\t\n\n\n\n\t\n\n\n\n\t\n\n\n\n\t\n\n\n\n\t\n\n\n\n\t\n\n\n\n\t\n\n\n\n\t\n\n\n\n\t\n\n\n\n\t\n\n\n\n\t\n\n\n\n\t\n\n\n\n\t\n\n\n\n\t\n\n\n\n\t\n\n\n\n\t\n\n\n\n\t\n\n\n\n\t\n\n\n\n\t\n\n\n\n\t\n\n\n\n\t\n\n\n\n\t\n\n\n\n\t\n\n\n\n\t\n\n\n\n\t\n\n\n\n\t\n\n\n\n\t\n\n\n\n\t\n\n\n\n\t\". Error: SyntaxError: Unexpected end of JSON input","level":"error","message":"Error processing audio response","service":"audio-response-service","timestamp":"2024-08-31T19:56:22.306Z"}
{"correlationId":"1bfc5ef8-4ab8-4d11-9dca-789bbc7b97f6","level":"info","message":"Starting audio response processing","service":"audio-response-service","timestamp":"2024-08-31T19:57:19.822Z"}
{"correlationId":"1bfc5ef8-4ab8-4d11-9dca-789bbc7b97f6","level":"info","message":"Starting audio transcription","service":"audio-response-service","timestamp":"2024-08-31T19:57:19.828Z"}
{"correlationId":"1bfc5ef8-4ab8-4d11-9dca-789bbc7b97f6","level":"info","message":"Audio transcription completed","service":"audio-response-service","timestamp":"2024-08-31T19:57:21.140Z"}
{"correlationId":"1bfc5ef8-4ab8-4d11-9dca-789bbc7b97f6","level":"info","message":"Starting follow-up decision process","service":"audio-response-service","timestamp":"2024-08-31T19:57:21.748Z"}
{"correlationId":"1bfc5ef8-4ab8-4d11-9dca-789bbc7b97f6","level":"info","message":"Follow-up decision process completed","service":"audio-response-service","timestamp":"2024-08-31T19:57:22.694Z","totalExecutionTime":946}
{"correlationId":"1bfc5ef8-4ab8-4d11-9dca-789bbc7b97f6","level":"info","message":"Audio endpoint completed","service":"audio-response-service","timestamp":"2024-08-31T19:57:23.275Z","totalTime":3454}
{"correlationId":"93cc9aba-2ca2-4e72-aa3c-140b688fd47e","level":"info","message":"Starting audio response processing","service":"audio-response-service","timestamp":"2024-08-31T19:58:04.259Z"}
{"correlationId":"93cc9aba-2ca2-4e72-aa3c-140b688fd47e","level":"info","message":"Starting audio transcription","service":"audio-response-service","timestamp":"2024-08-31T19:58:04.265Z"}
{"correlationId":"93cc9aba-2ca2-4e72-aa3c-140b688fd47e","level":"info","message":"Audio transcription completed","service":"audio-response-service","timestamp":"2024-08-31T19:58:05.515Z"}
{"correlationId":"93cc9aba-2ca2-4e72-aa3c-140b688fd47e","level":"info","message":"Starting follow-up decision process","service":"audio-response-service","timestamp":"2024-08-31T19:58:05.747Z"}
{"correlationId":"93cc9aba-2ca2-4e72-aa3c-140b688fd47e","level":"info","message":"Follow-up decision process completed","service":"audio-response-service","timestamp":"2024-08-31T19:58:06.768Z","totalExecutionTime":1021}
{"correlationId":"93cc9aba-2ca2-4e72-aa3c-140b688fd47e","level":"info","message":"Audio endpoint completed","service":"audio-response-service","timestamp":"2024-08-31T19:58:07.662Z","totalTime":3403}
{"correlationId":"c83e6578-03c5-465f-aba9-aa90a30b06fd","level":"info","message":"Starting audio response processing","service":"audio-response-service","timestamp":"2024-08-31T19:59:10.075Z"}
{"correlationId":"c83e6578-03c5-465f-aba9-aa90a30b06fd","level":"info","message":"Starting audio transcription","service":"audio-response-service","timestamp":"2024-08-31T19:59:10.078Z"}
{"correlationId":"c83e6578-03c5-465f-aba9-aa90a30b06fd","level":"info","message":"Audio transcription completed","service":"audio-response-service","timestamp":"2024-08-31T19:59:11.575Z"}
{"correlationId":"c83e6578-03c5-465f-aba9-aa90a30b06fd","level":"info","message":"Starting follow-up decision process","service":"audio-response-service","timestamp":"2024-08-31T19:59:11.801Z"}
{"correlationId":"c83e6578-03c5-465f-aba9-aa90a30b06fd","level":"info","message":"Follow-up decision process completed","service":"audio-response-service","timestamp":"2024-08-31T19:59:17.122Z","totalExecutionTime":5321}
{"correlationId":"c83e6578-03c5-465f-aba9-aa90a30b06fd","level":"info","message":"Audio endpoint completed","service":"audio-response-service","timestamp":"2024-08-31T19:59:17.891Z","totalTime":7816}
{"correlationId":"ba4791cb-eacb-4002-ab96-59b1645de18c","level":"info","message":"Starting audio response processing","service":"audio-response-service","timestamp":"2024-08-31T20:00:41.770Z"}
{"correlationId":"ba4791cb-eacb-4002-ab96-59b1645de18c","level":"info","message":"Starting audio transcription","service":"audio-response-service","timestamp":"2024-08-31T20:00:41.776Z"}
{"correlationId":"ba4791cb-eacb-4002-ab96-59b1645de18c","level":"info","message":"Audio transcription completed","service":"audio-response-service","timestamp":"2024-08-31T20:00:43.556Z"}
{"correlationId":"ba4791cb-eacb-4002-ab96-59b1645de18c","level":"info","message":"Starting follow-up decision process","service":"audio-response-service","timestamp":"2024-08-31T20:00:43.925Z"}
{"correlationId":"ba4791cb-eacb-4002-ab96-59b1645de18c","level":"info","message":"Follow-up decision process completed","service":"audio-response-service","timestamp":"2024-08-31T20:00:50.689Z","totalExecutionTime":6764}
{"correlationId":"ba4791cb-eacb-4002-ab96-59b1645de18c","level":"info","message":"Audio endpoint completed","service":"audio-response-service","timestamp":"2024-08-31T20:00:51.403Z","totalTime":9634}
{"correlationId":"8d00ae24-dcb3-46d7-a6b3-1abdaa918e93","level":"info","message":"Starting audio response processing","service":"audio-response-service","timestamp":"2024-08-31T20:18:02.448Z"}
{"correlationId":"8d00ae24-dcb3-46d7-a6b3-1abdaa918e93","level":"info","message":"Starting audio transcription","service":"audio-response-service","timestamp":"2024-08-31T20:18:02.469Z"}
{"correlationId":"8d00ae24-dcb3-46d7-a6b3-1abdaa918e93","level":"info","message":"Audio transcription completed","service":"audio-response-service","timestamp":"2024-08-31T20:18:03.587Z"}
{"correlationId":"8d00ae24-dcb3-46d7-a6b3-1abdaa918e93","level":"info","message":"Audio endpoint completed","service":"audio-response-service","timestamp":"2024-08-31T20:18:05.174Z","totalTime":2726}
{"correlationId":"31393e68-3604-44ca-b98c-6cff516f72c2","level":"info","message":"Starting audio response processing","service":"audio-response-service","timestamp":"2024-08-31T20:18:24.616Z"}
{"correlationId":"31393e68-3604-44ca-b98c-6cff516f72c2","level":"info","message":"Starting audio transcription","service":"audio-response-service","timestamp":"2024-08-31T20:18:24.622Z"}
{"correlationId":"31393e68-3604-44ca-b98c-6cff516f72c2","level":"info","message":"Audio transcription completed","service":"audio-response-service","timestamp":"2024-08-31T20:18:26.329Z"}
{"correlationId":"31393e68-3604-44ca-b98c-6cff516f72c2","level":"info","message":"Starting follow-up decision process","service":"audio-response-service","timestamp":"2024-08-31T20:18:26.681Z"}
{"correlationId":"31393e68-3604-44ca-b98c-6cff516f72c2","error":"Error: 400 'messages' must contain the word 'json' in some form, to use 'response_format' of type 'json_object'.","level":"error","message":"Error processing audio response","service":"audio-response-service","timestamp":"2024-08-31T20:18:27.076Z"}
{"correlationId":"d727b9a7-d2b9-4a14-8bfe-118cea3fd511","level":"info","message":"Starting audio response processing","service":"audio-response-service","timestamp":"2024-08-31T20:19:08.435Z"}
{"correlationId":"d727b9a7-d2b9-4a14-8bfe-118cea3fd511","level":"info","message":"Starting audio transcription","service":"audio-response-service","timestamp":"2024-08-31T20:19:08.449Z"}
{"correlationId":"d727b9a7-d2b9-4a14-8bfe-118cea3fd511","level":"info","message":"Audio transcription completed","service":"audio-response-service","timestamp":"2024-08-31T20:19:09.490Z"}
{"correlationId":"d727b9a7-d2b9-4a14-8bfe-118cea3fd511","level":"info","message":"Starting follow-up decision process","service":"audio-response-service","timestamp":"2024-08-31T20:19:10.300Z"}
{"correlationId":"d727b9a7-d2b9-4a14-8bfe-118cea3fd511","level":"info","message":"Follow-up decision process completed","service":"audio-response-service","timestamp":"2024-08-31T20:19:11.106Z","totalExecutionTime":805}
{"correlationId":"d727b9a7-d2b9-4a14-8bfe-118cea3fd511","level":"info","message":"Audio endpoint completed","service":"audio-response-service","timestamp":"2024-08-31T20:19:11.823Z","totalTime":3389}
{"correlationId":"5a859402-6593-42c9-a0c9-30d720d01680","level":"info","message":"Starting audio response processing","service":"audio-response-service","timestamp":"2024-08-31T20:19:35.764Z"}
{"correlationId":"5a859402-6593-42c9-a0c9-30d720d01680","level":"info","message":"Starting audio transcription","service":"audio-response-service","timestamp":"2024-08-31T20:19:35.773Z"}
{"correlationId":"5a859402-6593-42c9-a0c9-30d720d01680","level":"info","message":"Audio transcription completed","service":"audio-response-service","timestamp":"2024-08-31T20:19:37.025Z"}
{"correlationId":"5a859402-6593-42c9-a0c9-30d720d01680","level":"info","message":"Starting follow-up decision process","service":"audio-response-service","timestamp":"2024-08-31T20:19:37.324Z"}
{"correlationId":"5a859402-6593-42c9-a0c9-30d720d01680","level":"info","message":"Follow-up decision process completed","service":"audio-response-service","timestamp":"2024-08-31T20:19:38.478Z","totalExecutionTime":1154}
{"correlationId":"5a859402-6593-42c9-a0c9-30d720d01680","level":"info","message":"Audio endpoint completed","service":"audio-response-service","timestamp":"2024-08-31T20:19:39.126Z","totalTime":3362}
{"correlationId":"181223e8-513e-4603-94b7-74b0eba73413","level":"info","message":"Starting audio response processing","service":"audio-response-service","timestamp":"2024-08-31T20:21:00.933Z"}
{"correlationId":"181223e8-513e-4603-94b7-74b0eba73413","level":"info","message":"Starting audio transcription","service":"audio-response-service","timestamp":"2024-08-31T20:21:00.948Z"}
{"correlationId":"181223e8-513e-4603-94b7-74b0eba73413","level":"info","message":"Audio transcription completed","service":"audio-response-service","timestamp":"2024-08-31T20:21:02.382Z"}
{"correlationId":"181223e8-513e-4603-94b7-74b0eba73413","level":"info","message":"Starting follow-up decision process","service":"audio-response-service","timestamp":"2024-08-31T20:21:03.163Z"}
{"correlationId":"181223e8-513e-4603-94b7-74b0eba73413","level":"info","message":"Follow-up decision process completed","service":"audio-response-service","timestamp":"2024-08-31T20:21:04.353Z","totalExecutionTime":1191}
{"correlationId":"181223e8-513e-4603-94b7-74b0eba73413","level":"info","message":"Audio endpoint completed","service":"audio-response-service","timestamp":"2024-08-31T20:21:05.623Z","totalTime":4691}
{"correlationId":"44293a5c-54e8-4b9f-9f1d-bbaf02cdd37a","level":"info","message":"Starting audio response processing","service":"audio-response-service","timestamp":"2024-08-31T20:22:19.981Z"}
{"correlationId":"44293a5c-54e8-4b9f-9f1d-bbaf02cdd37a","level":"info","message":"Starting audio transcription","service":"audio-response-service","timestamp":"2024-08-31T20:22:19.986Z"}
{"correlationId":"44293a5c-54e8-4b9f-9f1d-bbaf02cdd37a","level":"info","message":"Audio transcription completed","service":"audio-response-service","timestamp":"2024-08-31T20:22:20.691Z"}
{"correlationId":"44293a5c-54e8-4b9f-9f1d-bbaf02cdd37a","level":"info","message":"Starting follow-up decision process","service":"audio-response-service","timestamp":"2024-08-31T20:22:21.071Z"}
{"correlationId":"44293a5c-54e8-4b9f-9f1d-bbaf02cdd37a","level":"info","message":"Follow-up decision process completed","service":"audio-response-service","timestamp":"2024-08-31T20:22:22.074Z","totalExecutionTime":1003}
{"correlationId":"44293a5c-54e8-4b9f-9f1d-bbaf02cdd37a","level":"info","message":"Audio endpoint completed","service":"audio-response-service","timestamp":"2024-08-31T20:22:22.718Z","totalTime":2737}
{"correlationId":"a578eb17-c3a0-40c6-8755-28c3f00cbee5","level":"info","message":"Starting audio response processing","service":"audio-response-service","timestamp":"2024-08-31T20:23:20.457Z"}
{"correlationId":"a578eb17-c3a0-40c6-8755-28c3f00cbee5","level":"info","message":"Starting audio transcription","service":"audio-response-service","timestamp":"2024-08-31T20:23:20.474Z"}
{"correlationId":"a578eb17-c3a0-40c6-8755-28c3f00cbee5","level":"info","message":"Audio transcription completed","service":"audio-response-service","timestamp":"2024-08-31T20:23:21.948Z"}
{"correlationId":"a578eb17-c3a0-40c6-8755-28c3f00cbee5","level":"info","message":"Audio endpoint completed","service":"audio-response-service","timestamp":"2024-08-31T20:23:23.081Z","totalTime":2624}
{"correlationId":"258d3083-8526-476f-b085-e650ec18d906","level":"info","message":"Starting audio response processing","service":"audio-response-service","timestamp":"2024-08-31T20:23:29.420Z"}
{"correlationId":"258d3083-8526-476f-b085-e650ec18d906","level":"warn","message":"Missing required fields","requestData":{"currentBaseQuestionContext":"Identifying key IDE functionalities that are most valuable to developers","currentBaseQuestionId":"a971a4d3-c280-4df0-9661-0ba2e6b68f25","currentResponseId":"1092c3e1-ad8d-45d8-ab85-36d7aad4cffe","followUpLevel":"SURFACE","interviewSessionId":"35fc29a9-e648-4722-b104-02103201d9b6","nextBaseQuestionId":"","shouldFollowUp":true,"studyBackground":"\"This study aims to collect comprehensive data on software engineering practices to improve AI-driven code generation and assistance tools. Key objectives include:\r\n\r\n1. Analyze daily coding routines and workflows of professional developers\r\n2. Identify common problem-solving strategies in software engineering\r\n3. Understand code organization principles and architectural patterns\r\n4. Examine collaboration methods and version control usage\r\n5. Map learning patterns for new technologies and best practices\r\n6. Catalog preferred development environments and tools\r\n7. Document code review processes and quality assurance methods\r\n8. Identify current automation practices and areas for potential automation\r\n\r\nData collected will be used to train machine learning models for more accurate code suggestion, bug detection, and automated refactoring. The goal is to create AI systems that can effectively mimic and augment human coding practices, leading to increased developer productivity and code quality.\r\n\r\nThis research is critical for advancing the field of autonomous coding tools and AI-assisted software development. The insights gained will inform the development of more intuitive, context-aware, and efficient AI coding assistants.\"","thread":[{"questionId":"a971a4d3-c280-4df0-9661-0ba2e6b68f25","questionText":"What IDE features do you rely on most heavily in your daily coding?"},{"questionId":"a971a4d3-c280-4df0-9661-0ba2e6b68f25","responseId":"1092c3e1-ad8d-45d8-ab85-36d7aad4cffe","responseText":""}]},"service":"audio-response-service","timestamp":"2024-08-31T20:23:29.423Z"}
{"correlationId":"b6da02f0-9650-4ee0-ad2f-d4cf4b245725","level":"info","message":"Starting audio response processing","service":"audio-response-service","timestamp":"2024-08-31T20:23:43.932Z"}
{"correlationId":"b6da02f0-9650-4ee0-ad2f-d4cf4b245725","level":"warn","message":"Missing required fields","requestData":{"currentBaseQuestionContext":"Identifying key IDE functionalities that are most valuable to developers","currentBaseQuestionId":"a971a4d3-c280-4df0-9661-0ba2e6b68f25","currentResponseId":"ffeb189f-c588-4631-beed-675ef6574645","followUpLevel":"SURFACE","interviewSessionId":"35fc29a9-e648-4722-b104-02103201d9b6","nextBaseQuestionId":"","shouldFollowUp":true,"studyBackground":"\"This study aims to collect comprehensive data on software engineering practices to improve AI-driven code generation and assistance tools. Key objectives include:\r\n\r\n1. Analyze daily coding routines and workflows of professional developers\r\n2. Identify common problem-solving strategies in software engineering\r\n3. Understand code organization principles and architectural patterns\r\n4. Examine collaboration methods and version control usage\r\n5. Map learning patterns for new technologies and best practices\r\n6. Catalog preferred development environments and tools\r\n7. Document code review processes and quality assurance methods\r\n8. Identify current automation practices and areas for potential automation\r\n\r\nData collected will be used to train machine learning models for more accurate code suggestion, bug detection, and automated refactoring. The goal is to create AI systems that can effectively mimic and augment human coding practices, leading to increased developer productivity and code quality.\r\n\r\nThis research is critical for advancing the field of autonomous coding tools and AI-assisted software development. The insights gained will inform the development of more intuitive, context-aware, and efficient AI coding assistants.\"","thread":[{"questionId":"a971a4d3-c280-4df0-9661-0ba2e6b68f25","questionText":"What IDE features do you rely on most heavily in your daily coding?"},{"questionId":"a971a4d3-c280-4df0-9661-0ba2e6b68f25","responseId":"1092c3e1-ad8d-45d8-ab85-36d7aad4cffe","responseText":""}]},"service":"audio-response-service","timestamp":"2024-08-31T20:23:43.935Z"}
{"correlationId":"00bc3523-9d65-4a18-b67e-cf7f1b44c7b7","level":"info","message":"Starting audio response processing","service":"audio-response-service","timestamp":"2024-08-31T20:24:00.458Z"}
{"correlationId":"00bc3523-9d65-4a18-b67e-cf7f1b44c7b7","level":"warn","message":"Missing required fields","requestData":{"currentBaseQuestionContext":"Identifying key IDE functionalities that are most valuable to developers","currentBaseQuestionId":"a971a4d3-c280-4df0-9661-0ba2e6b68f25","currentResponseId":"d4f5bd1a-900c-4be2-a2a1-b618e9f713c1","followUpLevel":"SURFACE","interviewSessionId":"35fc29a9-e648-4722-b104-02103201d9b6","nextBaseQuestionId":"","shouldFollowUp":true,"studyBackground":"\"This study aims to collect comprehensive data on software engineering practices to improve AI-driven code generation and assistance tools. Key objectives include:\r\n\r\n1. Analyze daily coding routines and workflows of professional developers\r\n2. Identify common problem-solving strategies in software engineering\r\n3. Understand code organization principles and architectural patterns\r\n4. Examine collaboration methods and version control usage\r\n5. Map learning patterns for new technologies and best practices\r\n6. Catalog preferred development environments and tools\r\n7. Document code review processes and quality assurance methods\r\n8. Identify current automation practices and areas for potential automation\r\n\r\nData collected will be used to train machine learning models for more accurate code suggestion, bug detection, and automated refactoring. The goal is to create AI systems that can effectively mimic and augment human coding practices, leading to increased developer productivity and code quality.\r\n\r\nThis research is critical for advancing the field of autonomous coding tools and AI-assisted software development. The insights gained will inform the development of more intuitive, context-aware, and efficient AI coding assistants.\"","thread":[{"questionId":"a971a4d3-c280-4df0-9661-0ba2e6b68f25","questionText":"What IDE features do you rely on most heavily in your daily coding?"},{"questionId":"a971a4d3-c280-4df0-9661-0ba2e6b68f25","responseId":"1092c3e1-ad8d-45d8-ab85-36d7aad4cffe","responseText":""}]},"service":"audio-response-service","timestamp":"2024-08-31T20:24:00.471Z"}
{"correlationId":"7de653d3-ab95-48f5-a659-71c709572a1a","level":"info","message":"Starting audio response processing","service":"audio-response-service","timestamp":"2024-08-31T20:25:16.361Z"}
{"correlationId":"7de653d3-ab95-48f5-a659-71c709572a1a","level":"info","message":"Starting audio transcription","service":"audio-response-service","timestamp":"2024-08-31T20:25:16.377Z"}
{"correlationId":"7de653d3-ab95-48f5-a659-71c709572a1a","level":"info","message":"Audio transcription completed","service":"audio-response-service","timestamp":"2024-08-31T20:25:17.727Z"}
{"correlationId":"7de653d3-ab95-48f5-a659-71c709572a1a","level":"info","message":"Starting follow-up decision process","service":"audio-response-service","timestamp":"2024-08-31T20:25:18.494Z"}
{"correlationId":"7de653d3-ab95-48f5-a659-71c709572a1a","level":"info","message":"Follow-up decision process completed","service":"audio-response-service","timestamp":"2024-08-31T20:25:19.629Z","totalExecutionTime":1135}
{"correlationId":"7de653d3-ab95-48f5-a659-71c709572a1a","level":"info","message":"Audio endpoint completed","service":"audio-response-service","timestamp":"2024-08-31T20:25:20.384Z","totalTime":4024}
{"correlationId":"3779899d-5efb-484e-a38f-fcd50143b3c8","level":"info","message":"Starting audio response processing","service":"audio-response-service","timestamp":"2024-08-31T20:25:38.387Z"}
{"correlationId":"3779899d-5efb-484e-a38f-fcd50143b3c8","level":"info","message":"Starting audio transcription","service":"audio-response-service","timestamp":"2024-08-31T20:25:38.395Z"}
{"correlationId":"3779899d-5efb-484e-a38f-fcd50143b3c8","level":"info","message":"Audio transcription completed","service":"audio-response-service","timestamp":"2024-08-31T20:25:39.364Z"}
{"correlationId":"3779899d-5efb-484e-a38f-fcd50143b3c8","level":"info","message":"Starting follow-up decision process","service":"audio-response-service","timestamp":"2024-08-31T20:25:39.731Z"}
{"correlationId":"3779899d-5efb-484e-a38f-fcd50143b3c8","level":"info","message":"Follow-up decision process completed","service":"audio-response-service","timestamp":"2024-08-31T20:25:40.459Z","totalExecutionTime":728}
{"correlationId":"3779899d-5efb-484e-a38f-fcd50143b3c8","level":"info","message":"Audio endpoint completed","service":"audio-response-service","timestamp":"2024-08-31T20:25:41.303Z","totalTime":2916}
{"correlationId":"2c4d37a2-77f4-4849-b527-08a1f7b92347","level":"info","message":"Starting audio response processing","service":"audio-response-service","timestamp":"2024-08-31T20:26:15.093Z"}
{"correlationId":"2c4d37a2-77f4-4849-b527-08a1f7b92347","level":"info","message":"Starting audio transcription","service":"audio-response-service","timestamp":"2024-08-31T20:26:15.099Z"}
{"correlationId":"2c4d37a2-77f4-4849-b527-08a1f7b92347","level":"info","message":"Audio transcription completed","service":"audio-response-service","timestamp":"2024-08-31T20:26:16.443Z"}
{"correlationId":"2c4d37a2-77f4-4849-b527-08a1f7b92347","level":"info","message":"Starting follow-up decision process","service":"audio-response-service","timestamp":"2024-08-31T20:26:16.651Z"}
{"correlationId":"2c4d37a2-77f4-4849-b527-08a1f7b92347","level":"info","message":"Follow-up decision process completed","service":"audio-response-service","timestamp":"2024-08-31T20:26:17.548Z","totalExecutionTime":898}
{"correlationId":"2c4d37a2-77f4-4849-b527-08a1f7b92347","level":"info","message":"Audio endpoint completed","service":"audio-response-service","timestamp":"2024-08-31T20:26:18.166Z","totalTime":3074}
{"correlationId":"74b4d430-c5e7-411b-af87-ba5da9636532","level":"info","message":"Starting audio response processing","service":"audio-response-service","timestamp":"2024-08-31T20:26:44.101Z"}
{"correlationId":"74b4d430-c5e7-411b-af87-ba5da9636532","level":"info","message":"Starting audio transcription","service":"audio-response-service","timestamp":"2024-08-31T20:26:44.112Z"}
{"correlationId":"74b4d430-c5e7-411b-af87-ba5da9636532","level":"info","message":"Audio transcription completed","service":"audio-response-service","timestamp":"2024-08-31T20:26:44.897Z"}
{"correlationId":"74b4d430-c5e7-411b-af87-ba5da9636532","error":"PrismaClientKnownRequestError: \nInvalid `prisma.interviewSession.update()` invocation in\n/Users/alexyoung/idi-company/idi-monorepo/server/src/routes/audioResponse.ts:95:33\n\n  92   requestData: TranscribeAndGenerateNextQuestionRequest, \n  93   transcribedText: string\n  94 ): Promise<TranscribeAndGenerateNextQuestionResponse> => {\n 95   await prisma.interviewSession.update(\nForeign key constraint failed on the field: `InterviewSession_currentQuestionId_fkey (index)`","level":"error","message":"Error processing audio response","service":"audio-response-service","timestamp":"2024-08-31T20:26:45.496Z"}
{"correlationId":"3d2e33b0-7798-4910-abd7-c6de72969d0d","level":"info","message":"Starting audio response processing","service":"audio-response-service","timestamp":"2024-08-31T20:28:29.397Z"}
{"correlationId":"3d2e33b0-7798-4910-abd7-c6de72969d0d","level":"info","message":"Starting audio transcription","service":"audio-response-service","timestamp":"2024-08-31T20:28:29.409Z"}
{"correlationId":"3d2e33b0-7798-4910-abd7-c6de72969d0d","level":"info","message":"Audio transcription completed","service":"audio-response-service","timestamp":"2024-08-31T20:28:30.364Z"}
{"correlationId":"3d2e33b0-7798-4910-abd7-c6de72969d0d","level":"info","message":"Audio endpoint completed","service":"audio-response-service","timestamp":"2024-08-31T20:28:31.302Z","totalTime":1905}
